{
  "platform": "win.binary",
  "timestamp": "2025-02-20 01:12:35",
  "packages": {
    "ahead": {
      "package": "ahead",
      "status": "SUCCESS",
      "error_message": {},
      "build_output": "* installing to library 'D:/a/_temp/Library'\n* installing *source* package 'ahead' ...\n** using staged installation\n** libs\nusing C++ compiler: 'G__~1.EXE (GCC) 13.3.0'\ng++ -std=gnu++17  -I\"C:/R/include\" -DNDEBUG  -I'D:/a/_temp/Library/Rcpp/include'   -I\"C:/rtools44/x86_64-w64-mingw32.static.posix/include\"     -O2 -Wall  -mfpmath=sse -msse2 -mstackrealign  -c RcppExports.cpp -o RcppExports.o\ng++ -std=gnu++17  -I\"C:/R/include\" -DNDEBUG  -I'D:/a/_temp/Library/Rcpp/include'   -I\"C:/rtools44/x86_64-w64-mingw32.static.posix/include\"     -O2 -Wall  -mfpmath=sse -msse2 -mstackrealign  -c embedc.cpp -o embedc.o\ng++ -std=gnu++17  -I\"C:/R/include\" -DNDEBUG  -I'D:/a/_temp/Library/Rcpp/include'   -I\"C:/rtools44/x86_64-w64-mingw32.static.posix/include\"     -O2 -Wall  -mfpmath=sse -msse2 -mstackrealign  -c utils_armagarch.cpp -o utils_armagarch.o\ng++ -std=gnu++17  -I\"C:/R/include\" -DNDEBUG  -I'D:/a/_temp/Library/Rcpp/include'   -I\"C:/rtools44/x86_64-w64-mingw32.static.posix/include\"     -O2 -Wall  -mfpmath=sse -msse2 -mstackrealign  -c utils_matrix.cpp -o utils_matrix.o\nutils_matrix.cpp: In function 'Rcpp::NumericMatrix create_lags_cpp(Rcpp::NumericVector, int)':\nutils_matrix.cpp:14:24: warning: comparison of integer expressions of different signedness: 'int' and 'long unsigned int' [-Wsign-compare]\n   14 |       for(int p = 0; p < n_k; p++)\n      |                      ~~^~~~~\nutils_matrix.cpp: In function 'Rcpp::List create_train_inputs_cpp(Rcpp::NumericMatrix, int)':\nutils_matrix.cpp:38:20: warning: comparison of integer expressions of different signedness: 'long unsigned int' and 'int' [-Wsign-compare]\n   38 |       for(l = 1; l < k; l++) {\n      |                  ~~^~~\nutils_matrix.cpp: In function 'Rcpp::NumericMatrix reformat_cpp(Rcpp::NumericMatrix, long unsigned int)':\nutils_matrix.cpp:60:20: warning: comparison of integer expressions of different signedness: 'int' and 'long unsigned int' [-Wsign-compare]\n   60 |   for(int j = 0; j < p; j++) {\n      |                  ~~^~~\nutils_matrix.cpp:61:22: warning: comparison of integer expressions of different signedness: 'int' and 'long unsigned int' [-Wsign-compare]\n   61 |     for(int i = 0; i < n_k; i++) {\n      |                    ~~^~~~~\nutils_matrix.cpp: In function 'Rcpp::NumericMatrix rev_matrix_cpp(Rcpp::NumericMatrix)':\nutils_matrix.cpp:76:19: warning: comparison of integer expressions of different signedness: 'int' and 'long unsigned int' [-Wsign-compare]\n   76 |  for(int k = 0; k < p; k++) {\n      |                 ~~^~~\nutils_matrix.cpp: In function 'Rcpp::NumericMatrix rbind_vecmat_cpp(Rcpp::NumericVector, Rcpp::NumericMatrix)':\nutils_matrix.cpp:98:20: warning: comparison of integer expressions of different signedness: 'int' and 'long unsigned int' [-Wsign-compare]\n   98 |   for(int i = 0; i < x_nrow; i++) {\n      |                  ~~^~~~~~~~\nutils_matrix.cpp:102:20: warning: comparison of integer expressions of different signedness: 'int' and 'long unsigned int' [-Wsign-compare]\n  102 |   for(int j = 0; j < x_ncol; j++) {\n      |                  ~~^~~~~~~~\ng++ -std=gnu++17 -shared -s -static-libgcc -o ahead.dll tmp.def RcppExports.o embedc.o utils_armagarch.o utils_matrix.o -LC:/rtools44/x86_64-w64-mingw32.static.posix/lib/x64 -LC:/rtools44/x86_64-w64-mingw32.static.posix/lib -LC:/R/bin/x64 -lR\ninstalling to D:/a/_temp/Library/00LOCK-ahead/00new/ahead/libs/x64\n** R\n** byte-compile and prepare package for lazy loading\n** help\n*** installing help indices\n** building package indices\n** installing vignettes\n** testing if installed package can be loaded from temporary location\n** testing if installed package can be loaded from final location\n** testing if installed package keeps a record of temporary installation path\n* MD5 sums\npackaged installation of 'ahead' as ahead_0.16.2.zip\n* DONE (ahead)",
      "build_time": "2025-02-20 01:13:18"
    },
    "bayesianrvfl": {
      "package": "bayesianrvfl",
      "status": "SUCCESS",
      "error_message": {},
      "build_output": "* installing to library 'D:/a/_temp/Library'\n* installing *source* package 'bayesianrvfl' ...\n** using staged installation\n** libs\nusing C++ compiler: 'G__~1.EXE (GCC) 13.3.0'\ng++ -std=gnu++17  -I\"C:/R/include\" -DNDEBUG  -I'D:/a/_temp/Library/Rcpp/include'   -I\"C:/rtools44/x86_64-w64-mingw32.static.posix/include\"     -O2 -Wall  -mfpmath=sse -msse2 -mstackrealign  -c RcppExports.cpp -o RcppExports.o\ng++ -std=gnu++17  -I\"C:/R/include\" -DNDEBUG  -I'D:/a/_temp/Library/Rcpp/include'   -I\"C:/rtools44/x86_64-w64-mingw32.static.posix/include\"     -O2 -Wall  -mfpmath=sse -msse2 -mstackrealign  -c kernels.cpp -o kernels.o\nkernels.cpp: In function 'double l2_norm(Rcpp::NumericVector)':\nkernels.cpp:9:20: warning: comparison of integer expressions of different signedness: 'int' and 'long unsigned int' [-Wsign-compare]\n    9 |   for(int i = 0; i < n; i++) {\n      |                  ~~^~~\nkernels.cpp: In function 'Rcpp::NumericMatrix matern52_kxx_cpp(Rcpp::NumericMatrix, double, double)':\nkernels.cpp:24:20: warning: comparison of integer expressions of different signedness: 'int' and 'long unsigned int' [-Wsign-compare]\n   24 |   for(int i = 0; i < n; i++) {\n      |                  ~~^~~\nkernels.cpp:25:22: warning: comparison of integer expressions of different signedness: 'int' and 'long unsigned int' [-Wsign-compare]\n   25 |     for(int j = i; j < n; j++) {\n      |                    ~~^~~\nkernels.cpp: In function 'Rcpp::NumericVector matern52_kxy_cpp(Rcpp::NumericMatrix, Rcpp::NumericVector, double, double)':\nkernels.cpp:50:20: warning: comparison of integer expressions of different signedness: 'int' and 'long unsigned int' [-Wsign-compare]\n   50 |   for(int i = 0; i < k; i++) {\n      |                  ~~^~~\ng++ -std=gnu++17  -I\"C:/R/include\" -DNDEBUG  -I'D:/a/_temp/Library/Rcpp/include'   -I\"C:/rtools44/x86_64-w64-mingw32.static.posix/include\"     -O2 -Wall  -mfpmath=sse -msse2 -mstackrealign  -c utils.cpp -o utils.o\nutils.cpp: In function 'Rcpp::NumericMatrix cbind_cpp(Rcpp::NumericMatrix, Rcpp::NumericMatrix)':\nutils.cpp:19:20: warning: comparison of integer expressions of different signedness: 'int' and 'long unsigned int' [-Wsign-compare]\n   19 |   for(int j = 0; j < res_ncol; j++) {\n      |                  ~~^~~~~~~~~~\nutils.cpp:20:10: warning: comparison of integer expressions of different signedness: 'int' and 'long unsigned int' [-Wsign-compare]\n   20 |     if(j < x_ncol)\n      |        ~~^~~~~~~~\nutils.cpp: In function 'double l2_dist(Rcpp::NumericVector, Rcpp::NumericVector)':\nutils.cpp:42:20: warning: comparison of integer expressions of different signedness: 'int' and 'long unsigned int' [-Wsign-compare]\n   42 |   for(int i = 0; i < n; i++) {\n      |                  ~~^~~\nutils.cpp: In function 'Rcpp::NumericVector l2_distmat(Rcpp::NumericVector, Rcpp::NumericMatrix)':\nutils.cpp:55:16: warning: comparison of integer expressions of different signedness: 'int' and 'long unsigned int' [-Wsign-compare]\n   55 |   if (x.ncol() != y_ncol) {\n      |       ~~~~~~~~~^~~~~~~~~\nutils.cpp:61:23: warning: comparison of integer expressions of different signedness: 'int' and 'long unsigned int' [-Wsign-compare]\n   61 |      for(int i = 0; i < n; i++) {\n      |                     ~~^~~\nutils.cpp: In function 'Rcpp::NumericMatrix one_hot_encode_cpp(Rcpp::NumericVector, long unsigned int)':\nutils.cpp:81:20: warning: comparison of integer expressions of different signedness: 'int' and 'long unsigned int' [-Wsign-compare]\n   81 |   for(int i = 0; i < n_obs; i++) {\n      |                  ~~^~~~~~~\ng++ -std=gnu++17 -shared -s -static-libgcc -o bayesianrvfl.dll tmp.def RcppExports.o kernels.o utils.o -LC:/rtools44/x86_64-w64-mingw32.static.posix/lib/x64 -LC:/rtools44/x86_64-w64-mingw32.static.posix/lib -LC:/R/bin/x64 -lR\ninstalling to D:/a/_temp/Library/00LOCK-bayesianrvfl/00new/bayesianrvfl/libs/x64\n** R\n** byte-compile and prepare package for lazy loading\n** help\n*** installing help indices\n** building package indices\n** installing vignettes\n** testing if installed package can be loaded from temporary location\n** testing if installed package can be loaded from final location\n** testing if installed package keeps a record of temporary installation path\n* MD5 sums\npackaged installation of 'bayesianrvfl' as bayesianrvfl_0.3.1.zip\n* DONE (bayesianrvfl)",
      "build_time": "2025-02-20 01:13:38"
    },
    "bcn": {
      "package": "bcn",
      "status": "SUCCESS",
      "error_message": {},
      "build_output": "* installing to library 'D:/a/_temp/Library'\n* installing *source* package 'bcn' ...\n** using staged installation\n** libs\nusing C++ compiler: 'G__~1.EXE (GCC) 13.3.0'\ng++ -std=gnu++17  -I\"C:/R/include\" -DNDEBUG  -I'D:/a/_temp/Library/Rcpp/include'   -I\"C:/rtools44/x86_64-w64-mingw32.static.posix/include\"     -O2 -Wall  -mfpmath=sse -msse2 -mstackrealign  -c RcppExports.cpp -o RcppExports.o\ng++ -std=gnu++17  -I\"C:/R/include\" -DNDEBUG  -I'D:/a/_temp/Library/Rcpp/include'   -I\"C:/rtools44/x86_64-w64-mingw32.static.posix/include\"     -O2 -Wall  -mfpmath=sse -msse2 -mstackrealign  -c bcn.cpp -o bcn.o\nbcn.cpp: In function 'Rcpp::NumericVector calculate_hL_cpp(Rcpp::NumericMatrix, Rcpp::NumericVector, Rcpp::String)':\nbcn.cpp:135:1: warning: control reaches end of non-void function [-Wreturn-type]\n  135 | }\n      | ^\ng++ -std=gnu++17  -I\"C:/R/include\" -DNDEBUG  -I'D:/a/_temp/Library/Rcpp/include'   -I\"C:/rtools44/x86_64-w64-mingw32.static.posix/include\"     -O2 -Wall  -mfpmath=sse -msse2 -mstackrealign  -c rcpp_hello_world.cpp -o rcpp_hello_world.o\ng++ -std=gnu++17 -shared -s -static-libgcc -o bcn.dll tmp.def RcppExports.o bcn.o rcpp_hello_world.o -LC:/rtools44/x86_64-w64-mingw32.static.posix/lib/x64 -LC:/rtools44/x86_64-w64-mingw32.static.posix/lib -LC:/R/bin/x64 -lR\ninstalling to D:/a/_temp/Library/00LOCK-bcn/00new/bcn/libs/x64\n** R\n** data\n*** moving datasets to lazyload DB\n** byte-compile and prepare package for lazy loading\n** help\n*** installing help indices\n** building package indices\n** installing vignettes\n** testing if installed package can be loaded from temporary location\n** testing if installed package can be loaded from final location\n** testing if installed package keeps a record of temporary installation path\n* MD5 sums\npackaged installation of 'bcn' as bcn_0.7.0.zip\n* DONE (bcn)",
      "build_time": "2025-02-20 01:13:51"
    },
    "crossvalidation": {
      "package": "crossvalidation",
      "status": "SUCCESS",
      "error_message": {},
      "build_output": "* installing to library 'D:/a/_temp/Library'\n* installing *source* package 'crossvalidation' ...\n** using staged installation\n** R\n** byte-compile and prepare package for lazy loading\n** help\n*** installing help indices\n** building package indices\n** installing vignettes\n** testing if installed package can be loaded from temporary location\n** testing if installed package can be loaded from final location\n** testing if installed package keeps a record of temporary installation path\n* MD5 sums\npackaged installation of 'crossvalidation' as crossvalidation_0.5.0.zip\n* DONE (crossvalidation)",
      "build_time": "2025-02-20 01:14:02"
    },
    "esgtoolkit": {
      "package": "esgtoolkit",
      "status": "SUCCESS",
      "error_message": {},
      "build_output": "* installing to library 'D:/a/_temp/Library'\n* installing *source* package 'esgtoolkit' ...\n** using staged installation\n** libs\nusing C++ compiler: 'G__~1.EXE (GCC) 13.3.0'\ng++ -std=gnu++17  -I\"C:/R/include\" -DNDEBUG  -I'D:/a/_temp/Library/Rcpp/include'   -I\"C:/rtools44/x86_64-w64-mingw32.static.posix/include\"     -O2 -Wall  -mfpmath=sse -msse2 -mstackrealign  -c RcppExports.cpp -o RcppExports.o\ng++ -std=gnu++17  -I\"C:/R/include\" -DNDEBUG  -I'D:/a/_temp/Library/Rcpp/include'   -I\"C:/rtools44/x86_64-w64-mingw32.static.posix/include\"     -O2 -Wall  -mfpmath=sse -msse2 -mstackrealign  -c esg2.cpp -o esg2.o\ng++ -std=gnu++17 -shared -s -static-libgcc -o esgtoolkit.dll tmp.def RcppExports.o esg2.o -LC:/rtools44/x86_64-w64-mingw32.static.posix/lib/x64 -LC:/rtools44/x86_64-w64-mingw32.static.posix/lib -LC:/R/bin/x64 -lR\ninstalling to D:/a/_temp/Library/00LOCK-esgtoolkit/00new/esgtoolkit/libs/x64\n** R\n** byte-compile and prepare package for lazy loading\n** help\n*** installing help indices\n** building package indices\n** installing vignettes\n** testing if installed package can be loaded from temporary location\n** testing if installed package can be loaded from final location\n** testing if installed package keeps a record of temporary installation path\n* MD5 sums\npackaged installation of 'esgtoolkit' as esgtoolkit_1.2.1.zip\n* DONE (esgtoolkit)",
      "build_time": "2025-02-20 01:14:05"
    },
    "forecastingapi": {
      "package": "forecastingapi",
      "status": "SUCCESS",
      "error_message": {},
      "build_output": "* installing to library 'D:/a/_temp/Library'\n* installing *source* package 'forecastingapi' ...\n** using staged installation\n** R\n** byte-compile and prepare package for lazy loading\n** help\n*** installing help indices\n** building package indices\n** installing vignettes\n** testing if installed package can be loaded from temporary location\n** testing if installed package can be loaded from final location\n** testing if installed package keeps a record of temporary installation path\n* MD5 sums\npackaged installation of 'forecastingapi' as forecastingapi_0.4.0.zip\n* DONE (forecastingapi)",
      "build_time": "2025-02-20 01:14:18"
    },
    "learningmachine": {
      "package": "learningmachine",
      "status": "SUCCESS",
      "error_message": {},
      "build_output": "* installing to library 'D:/a/_temp/Library'\n* installing *source* package 'learningmachine' ...\n** using staged installation\n** libs\nusing C++ compiler: 'G__~1.EXE (GCC) 13.3.0'\ng++ -std=gnu++17  -I\"C:/R/include\" -DNDEBUG  -I'D:/a/_temp/Library/Rcpp/include'   -I\"C:/rtools44/x86_64-w64-mingw32.static.posix/include\"     -O2 -Wall  -mfpmath=sse -msse2 -mstackrealign  -c RcppExports.cpp -o RcppExports.o\ng++ -std=gnu++17  -I\"C:/R/include\" -DNDEBUG  -I'D:/a/_temp/Library/Rcpp/include'   -I\"C:/rtools44/x86_64-w64-mingw32.static.posix/include\"     -O2 -Wall  -mfpmath=sse -msse2 -mstackrealign  -c compute_probs.cpp -o compute_probs.o\ng++ -std=gnu++17  -I\"C:/R/include\" -DNDEBUG  -I'D:/a/_temp/Library/Rcpp/include'   -I\"C:/rtools44/x86_64-w64-mingw32.static.posix/include\"     -O2 -Wall  -mfpmath=sse -msse2 -mstackrealign  -c matern32.cpp -o matern32.o\nIn file included from D:/a/_temp/Library/Rcpp/include/Rcpp/Vector.h:51,\n                 from D:/a/_temp/Library/Rcpp/include/Rcpp.h:40,\n                 from matern32.cpp:1:\nIn member function 'Rcpp::Vector<RTYPE, StoragePolicy>::Proxy Rcpp::Vector<RTYPE, StoragePolicy>::operator()(const size_t&) [with int RTYPE = 14; StoragePolicy = Rcpp::PreserveStorage]',\n    inlined from 'double find_lam_eigen(Rcpp::NumericMatrix, Rcpp::NumericVector, Rcpp::NumericVector, Rcpp::NumericVector)' at matern32.cpp:343:28:\nD:/a/_temp/Library/Rcpp/include/Rcpp/vector/Vector.h:344:25: warning: 'i_opt' may be used uninitialized [-Wmaybe-uninitialized]\n  344 |         return cache.ref( offset(i) ) ;\n      |                ~~~~~~~~~^~~~~~~~~~~~~\nmatern32.cpp: In function 'double find_lam_eigen(Rcpp::NumericMatrix, Rcpp::NumericVector, Rcpp::NumericVector, Rcpp::NumericVector)':\nmatern32.cpp:324:21: note: 'i_opt' was declared here\n  324 |   unsigned long int i_opt;\n      |                     ^~~~~\ng++ -std=gnu++17  -I\"C:/R/include\" -DNDEBUG  -I'D:/a/_temp/Library/Rcpp/include'   -I\"C:/rtools44/x86_64-w64-mingw32.static.posix/include\"     -O2 -Wall  -mfpmath=sse -msse2 -mstackrealign  -c sampling.cpp -o sampling.o\ng++ -std=gnu++17  -I\"C:/R/include\" -DNDEBUG  -I'D:/a/_temp/Library/Rcpp/include'   -I\"C:/rtools44/x86_64-w64-mingw32.static.posix/include\"     -O2 -Wall  -mfpmath=sse -msse2 -mstackrealign  -c utils_classification.cpp -o utils_classification.o\ng++ -std=gnu++17 -shared -s -static-libgcc -o learningmachine.dll tmp.def RcppExports.o compute_probs.o matern32.o sampling.o utils_classification.o -LC:/rtools44/x86_64-w64-mingw32.static.posix/lib/x64 -LC:/rtools44/x86_64-w64-mingw32.static.posix/lib -LC:/R/bin/x64 -lR\ninstalling to D:/a/_temp/Library/00LOCK-learningmachine/00new/learningmachine/libs/x64\n** R\n** inst\n** byte-compile and prepare package for lazy loading\n** help\n*** installing help indices\n** building package indices\n** installing vignettes\n** testing if installed package can be loaded from temporary location\n** testing if installed package can be loaded from final location\n** testing if installed package keeps a record of temporary installation path\n* MD5 sums\npackaged installation of 'learningmachine' as learningmachine_2.8.0.zip\n* DONE (learningmachine)",
      "build_time": "2025-02-20 01:14:49"
    },
    "misc": {
      "package": "misc",
      "status": "SUCCESS",
      "error_message": {},
      "build_output": "* installing to library 'D:/a/_temp/Library'\n* installing *source* package 'misc' ...\n** using staged installation\n** R\n** byte-compile and prepare package for lazy loading\n** help\n*** installing help indices\n** building package indices\n** installing vignettes\n** testing if installed package can be loaded from temporary location\n** testing if installed package can be loaded from final location\n** testing if installed package keeps a record of temporary installation path\n* MD5 sums\npackaged installation of 'misc' as misc_0.4.0.zip\n* DONE (misc)",
      "build_time": "2025-02-20 01:15:17"
    },
    "mlsauce": {
      "package": "mlsauce",
      "status": "FAILED",
      "error_message": "No binary package found after build",
      "build_output": "* installing to library 'D:/a/_temp/Library'\n* installing *source* package 'mlsauce' ...\n** using staged installation\n** R\n** byte-compile and prepare package for lazy loading\n** help\n*** installing help indices\n** building package indices\n** testing if installed package can be loaded from temporary location\nInstalling package into 'D:/a/_temp/Library/00LOCK-mlsauce/00new'\n(as 'lib' is unspecified)\ntrying URL 'https://cloud.r-project.org/bin/windows/contrib/4.4/reticulate_1.40.0.zip'\nContent type 'application/zip' length 2204646 bytes (2.1 MB)\n==================================================\ndownloaded 2.1 MB\n\npackage 'reticulate' successfully unpacked and MD5 sums checked\n\nThe downloaded binary packages are in\n\tC:\\Users\\runneradmin\\AppData\\Local\\Temp\\RtmpkxQPBa\\downloaded_packages\nUsing Python: C:/hostedtoolcache/windows/Python/3.13.2/x64/python.exe\nCreating virtual environment \"~/.virtualenvs/r-reticulate\" ... \n+ \"C:/hostedtoolcache/windows/Python/3.13.2/x64/python.exe\" -m venv \"C:\\Users\\runneradmin\\Documents/.virtualenvs/r-reticulate\"\nDone!\nInstalling packages: pip, wheel, setuptools\n+ \"C:\\Users\\runneradmin\\Documents/.virtualenvs/r-reticulate/Scripts/python.exe\" -m pip install --upgrade pip wheel setuptools\nRequirement already satisfied: pip in c:\\users\\runner~1\\docume~1\\virtua~1\\r-reti~1\\lib\\site-packages (24.3.1)\nCollecting pip\n  Downloading pip-25.0.1-py3-none-any.whl.metadata (3.7 kB)\nCollecting wheel\n  Downloading wheel-0.45.1-py3-none-any.whl.metadata (2.3 kB)\nCollecting setuptools\n  Downloading setuptools-75.8.0-py3-none-any.whl.metadata (6.7 kB)\nDownloading pip-25.0.1-py3-none-any.whl (1.8 MB)\n   ---------------------------------------- 1.8/1.8 MB 34.1 MB/s eta 0:00:00\nDownloading wheel-0.45.1-py3-none-any.whl (72 kB)\nDownloading setuptools-75.8.0-py3-none-any.whl (1.2 MB)\n   ---------------------------------------- 1.2/1.2 MB 35.4 MB/s eta 0:00:00\nInstalling collected packages: wheel, setuptools, pip\n  Attempting uninstall: pip\n    Found existing installation: pip 24.3.1\n    Uninstalling pip-24.3.1:\n      Successfully uninstalled pip-24.3.1\nSuccessfully installed pip-25.0.1 setuptools-75.8.0 wheel-0.45.1\nVirtual environment '~/.virtualenvs/r-reticulate' successfully created.\nUsing virtual environment \"~/.virtualenvs/r-reticulate\" ...\n+ \"C:\\Users\\runneradmin\\Documents/.virtualenvs/r-reticulate/Scripts/python.exe\" -m pip install --upgrade --no-user --ignore-installed --upgrade setuptools\nCollecting setuptools\n  Using cached setuptools-75.8.0-py3-none-any.whl.metadata (6.7 kB)\nUsing cached setuptools-75.8.0-py3-none-any.whl (1.2 MB)\nInstalling collected packages: setuptools\nSuccessfully installed setuptools-75.8.0\nUsing virtual environment \"C:/Users/runneradmin/Documents/.virtualenvs/r-reticulate\" ...\n+ \"C:/Users/runneradmin/Documents/.virtualenvs/r-reticulate/Scripts/python.exe\" -m pip install --upgrade --no-user --ignore-installed --upgrade wheel\nCollecting wheel\n  Using cached wheel-0.45.1-py3-none-any.whl.metadata (2.3 kB)\nUsing cached wheel-0.45.1-py3-none-any.whl (72 kB)\nInstalling collected packages: wheel\nSuccessfully installed wheel-0.45.1\nUsing virtual environment \"C:/Users/runneradmin/Documents/.virtualenvs/r-reticulate\" ...\n+ \"C:/Users/runneradmin/Documents/.virtualenvs/r-reticulate/Scripts/python.exe\" -m pip install --upgrade --no-user --ignore-installed --upgrade Cython\nCollecting Cython\n  Downloading Cython-3.0.12-cp313-cp313-win_amd64.whl.metadata (3.6 kB)\nDownloading Cython-3.0.12-cp313-cp313-win_amd64.whl (2.8 MB)\n   ---------------------------------------- 2.8/2.8 MB 47.5 MB/s eta 0:00:00\nInstalling collected packages: Cython\nSuccessfully installed Cython-3.0.12\nUsing virtual environment \"C:/Users/runneradmin/Documents/.virtualenvs/r-reticulate\" ...\n+ \"C:/Users/runneradmin/Documents/.virtualenvs/r-reticulate/Scripts/python.exe\" -m pip install --upgrade --no-user --ignore-installed --upgrade scikit-learn\nCollecting scikit-learn\n  Downloading scikit_learn-1.6.1-cp313-cp313-win_amd64.whl.metadata (15 kB)\nCollecting numpy>=1.19.5 (from scikit-learn)\n  Downloading numpy-2.2.3-cp313-cp313-win_amd64.whl.metadata (60 kB)\nCollecting scipy>=1.6.0 (from scikit-learn)\n  Downloading scipy-1.15.2-cp313-cp313-win_amd64.whl.metadata (60 kB)\nCollecting joblib>=1.2.0 (from scikit-learn)\n  Downloading joblib-1.4.2-py3-none-any.whl.metadata (5.4 kB)\nCollecting threadpoolctl>=3.1.0 (from scikit-learn)\n  Downloading threadpoolctl-3.5.0-py3-none-any.whl.metadata (13 kB)\nDownloading scikit_learn-1.6.1-cp313-cp313-win_amd64.whl (11.1 MB)\n   ---------------------------------------- 11.1/11.1 MB 53.1 MB/s eta 0:00:00\nDownloading joblib-1.4.2-py3-none-any.whl (301 kB)\nDownloading numpy-2.2.3-cp313-cp313-win_amd64.whl (12.6 MB)\n   ---------------------------------------- 12.6/12.6 MB 62.7 MB/s eta 0:00:00\nDownloading scipy-1.15.2-cp313-cp313-win_amd64.whl (41.0 MB)\n   ---------------------------------------- 41.0/41.0 MB 52.4 MB/s eta 0:00:00\nDownloading threadpoolctl-3.5.0-py3-none-any.whl (18 kB)\nInstalling collected packages: threadpoolctl, numpy, joblib, scipy, scikit-learn\nSuccessfully installed joblib-1.4.2 numpy-2.2.3 scikit-learn-1.6.1 scipy-1.15.2 threadpoolctl-3.5.0\nUsing virtual environment \"C:/Users/runneradmin/Documents/.virtualenvs/r-reticulate\" ...\n+ \"C:/Users/runneradmin/Documents/.virtualenvs/r-reticulate/Scripts/python.exe\" -m pip install --upgrade --no-user --ignore-installed --upgrade --verbose \"git+https://github.com/Techtonique/mlsauce.git\"\nUsing pip 25.0.1 from C:\\Users\\RUNNER~1\\DOCUME~1\\VIRTUA~1\\R-RETI~1\\Lib\\site-packages\\pip (python 3.13)\nCollecting git+https://github.com/Techtonique/mlsauce.git\n  Cloning https://github.com/Techtonique/mlsauce.git to c:\\users\\runneradmin\\appdata\\local\\temp\\pip-req-build-af_m7417\n  Running command git version\n  git version 2.47.1.windows.2\n  Running command git clone --filter=blob:none https://github.com/Techtonique/mlsauce.git 'C:\\Users\\runneradmin\\AppData\\Local\\Temp\\pip-req-build-af_m7417'\n  Cloning into 'C:\\Users\\runneradmin\\AppData\\Local\\Temp\\pip-req-build-af_m7417'...\n  Running command git rev-parse HEAD\n  017c735f8e37d0744721a30f5d7859244fc7935f\n  Resolved https://github.com/Techtonique/mlsauce.git to commit 017c735f8e37d0744721a30f5d7859244fc7935f\n  Running command git rev-parse HEAD\n  017c735f8e37d0744721a30f5d7859244fc7935f\n  Preparing metadata (setup.py): started\n  Running command python setup.py egg_info\n  Collecting numpy\n    Downloading numpy-2.0.2-cp39-cp39-win_amd64.whl.metadata (59 kB)\n  Downloading numpy-2.0.2-cp39-cp39-win_amd64.whl (15.9 MB)\n     ---------------------------------------- 15.9/15.9 MB 71.8 MB/s eta 0:00:00\n  Installing collected packages: numpy\n  Successfully installed numpy-2.0.2\n  Collecting scipy\n    Downloading scipy-1.13.1-cp39-cp39-win_amd64.whl.metadata (60 kB)\n  Requirement already satisfied: numpy<2.3,>=1.22.4 in c:\\hostedtoolcache\\windows\\python\\3.9.13\\x64\\lib\\site-packages (from scipy) (2.0.2)\n  Downloading scipy-1.13.1-cp39-cp39-win_amd64.whl (46.2 MB)\n     ---------------------------------------- 46.2/46.2 MB 49.9 MB/s eta 0:00:00\n  Installing collected packages: scipy\n  Successfully installed scipy-1.13.1\n  Collecting requests\n    Downloading requests-2.32.3-py3-none-any.whl.metadata (4.6 kB)\n  Collecting charset-normalizer<4,>=2 (from requests)\n    Downloading charset_normalizer-3.4.1-cp39-cp39-win_amd64.whl.metadata (36 kB)\n  Collecting idna<4,>=2.5 (from requests)\n    Downloading idna-3.10-py3-none-any.whl.metadata (10 kB)\n  Collecting urllib3<3,>=1.21.1 (from requests)\n    Downloading urllib3-2.3.0-py3-none-any.whl.metadata (6.5 kB)\n  Collecting certifi>=2017.4.17 (from requests)\n    Downloading certifi-2025.1.31-py3-none-any.whl.metadata (2.5 kB)\n  Downloading requests-2.32.3-py3-none-any.whl (64 kB)\n  Downloading certifi-2025.1.31-py3-none-any.whl (166 kB)\n  Downloading charset_normalizer-3.4.1-cp39-cp39-win_amd64.whl (102 kB)\n  Downloading idna-3.10-py3-none-any.whl (70 kB)\n  Downloading urllib3-2.3.0-py3-none-any.whl (128 kB)\n  Installing collected packages: urllib3, idna, charset-normalizer, certifi, requests\n  Successfully installed certifi-2025.1.31 charset-normalizer-3.4.1 idna-3.10 requests-2.32.3 urllib3-2.3.0\n  Collecting Cython\n    Downloading Cython-3.0.12-cp39-cp39-win_amd64.whl.metadata (3.6 kB)\n  Downloading Cython-3.0.12-cp39-cp39-win_amd64.whl (2.8 MB)\n     ---------------------------------------- 2.8/2.8 MB 54.8 MB/s eta 0:00:00\n  Installing collected packages: Cython\n  Successfully installed Cython-3.0.12\n  C:\\Users\\RUNNER~1\\DOCUME~1\\VIRTUA~1\\R-RETI~1\\Lib\\site-packages\\Cython\\Compiler\\Main.py:381: FutureWarning: Cython directive 'language_level' not set, using '3str' for now (Py3). This has changed from earlier releases! File: C:\\Users\\runneradmin\\AppData\\Local\\Temp\\pip-req-build-af_m7417\\mlsauce\\adaopt\\_adaoptc.pyx\n    tree = Parsing.p_module(s, pxd, full_module_name)\n  C:\\Users\\RUNNER~1\\DOCUME~1\\VIRTUA~1\\R-RETI~1\\Lib\\site-packages\\Cython\\Compiler\\Main.py:381: FutureWarning: Cython directive 'language_level' not set, using '3str' for now (Py3). This has changed from earlier releases! File: C:\\Users\\runneradmin\\AppData\\Local\\Temp\\pip-req-build-af_m7417\\mlsauce\\booster\\_boosterc.pyx\n    tree = Parsing.p_module(s, pxd, full_module_name)\n  C:\\Users\\RUNNER~1\\DOCUME~1\\VIRTUA~1\\R-RETI~1\\Lib\\site-packages\\Cython\\Compiler\\Main.py:381: FutureWarning: Cython directive 'language_level' not set, using '3str' for now (Py3). This has changed from earlier releases! File: C:\\Users\\runneradmin\\AppData\\Local\\Temp\\pip-req-build-af_m7417\\mlsauce\\lasso\\_lassoc.pyx\n    tree = Parsing.p_module(s, pxd, full_module_name)\n  warning: mlsauce\\lasso\\_lassoc.pyx:216:40: the result of using negative indices inside of code sections marked as 'wraparound=False' is undefined\n  warning: mlsauce\\lasso\\_lassoc.pyx:222:42: the result of using negative indices inside of code sections marked as 'wraparound=False' is undefined\n  warning: mlsauce\\lasso\\_lassoc.pyx:224:41: the result of using negative indices inside of code sections marked as 'wraparound=False' is undefined\n  C:\\Users\\RUNNER~1\\DOCUME~1\\VIRTUA~1\\R-RETI~1\\Lib\\site-packages\\Cython\\Compiler\\Main.py:381: FutureWarning: Cython directive 'language_level' not set, using '3str' for now (Py3). This has changed from earlier releases! File: C:\\Users\\runneradmin\\AppData\\Local\\Temp\\pip-req-build-af_m7417\\mlsauce\\ridge\\_ridgec.pyx\n    tree = Parsing.p_module(s, pxd, full_module_name)\n  warning: mlsauce\\ridge\\_ridgec.pyx:149:40: the result of using negative indices inside of code sections marked as 'wraparound=False' is undefined\n  warning: mlsauce\\ridge\\_ridgec.pyx:155:42: the result of using negative indices inside of code sections marked as 'wraparound=False' is undefined\n  warning: mlsauce\\ridge\\_ridgec.pyx:157:41: the result of using negative indices inside of code sections marked as 'wraparound=False' is undefined\n  C:\\Users\\RUNNER~1\\DOCUME~1\\VIRTUA~1\\R-RETI~1\\Lib\\site-packages\\Cython\\Compiler\\Main.py:381: FutureWarning: Cython directive 'language_level' not set, using '3str' for now (Py3). This has changed from earlier releases! File: C:\\Users\\runneradmin\\AppData\\Local\\Temp\\pip-req-build-af_m7417\\mlsauce\\stump\\_stumpc.pyx\n    tree = Parsing.p_module(s, pxd, full_module_name)\n  Compiling mlsauce/adaopt/_adaoptc.pyx because it changed.\n  Compiling mlsauce/booster/_boosterc.pyx because it changed.\n  Compiling mlsauce/lasso/_lassoc.pyx because it changed.\n  Compiling mlsauce/ridge/_ridgec.pyx because it changed.\n  Compiling mlsauce/stump/_stumpc.pyx because it changed.\n  [1/5] Cythonizing mlsauce/adaopt/_adaoptc.pyx\n  [2/5] Cythonizing mlsauce/booster/_boosterc.pyx\n  [3/5] Cythonizing mlsauce/lasso/_lassoc.pyx\n  [4/5] Cythonizing mlsauce/ridge/_ridgec.pyx\n  [5/5] Cythonizing mlsauce/stump/_stumpc.pyx\n  C:\\Users\\RUNNER~1\\DOCUME~1\\VIRTUA~1\\R-RETI~1\\Lib\\site-packages\\setuptools\\__init__.py:94: _DeprecatedInstaller: setuptools.installer and fetch_build_eggs are deprecated.\n  !!\n\n          ********************************************************************************\n          Requirements should be satisfied by a PEP 517 installer.\n          If you are using pip, you can try `pip install --use-pep517`.\n          ********************************************************************************\n\n  !!\n    dist.fetch_build_eggs(dist.setup_requires)\n  running egg_info\n  creating C:\\Users\\runneradmin\\AppData\\Local\\Temp\\pip-pip-egg-info-9lm8ez_a\\mlsauce.egg-info\n  writing C:\\Users\\runneradmin\\AppData\\Local\\Temp\\pip-pip-egg-info-9lm8ez_a\\mlsauce.egg-info\\PKG-INFO\n  writing dependency_links to C:\\Users\\runneradmin\\AppData\\Local\\Temp\\pip-pip-egg-info-9lm8ez_a\\mlsauce.egg-info\\dependency_links.txt\n  writing requirements to C:\\Users\\runneradmin\\AppData\\Local\\Temp\\pip-pip-egg-info-9lm8ez_a\\mlsauce.egg-info\\requires.txt\n  writing top-level names to C:\\Users\\runneradmin\\AppData\\Local\\Temp\\pip-pip-egg-info-9lm8ez_a\\mlsauce.egg-info\\top_level.txt\n  writing manifest file 'C:\\Users\\runneradmin\\AppData\\Local\\Temp\\pip-pip-egg-info-9lm8ez_a\\mlsauce.egg-info\\SOURCES.txt'\n  dependency C:\\Users\\RUNNER~1\\DOCUME~1\\VIRTUA~1\\R-RETI~1\\Lib\\site-packages\\numpy\\_core\\include\\numpy\\arrayobject.h won't be automatically included in the manifest: the path must be relative\n  dependency C:\\Users\\RUNNER~1\\DOCUME~1\\VIRTUA~1\\R-RETI~1\\Lib\\site-packages\\numpy\\_core\\include\\numpy\\arrayscalars.h won't be automatically included in the manifest: the path must be relative\n  dependency C:\\Users\\RUNNER~1\\DOCUME~1\\VIRTUA~1\\R-RETI~1\\Lib\\site-packages\\numpy\\_core\\include\\numpy\\ndarrayobject.h won't be automatically included in the manifest: the path must be relative\n  dependency C:\\Users\\RUNNER~1\\DOCUME~1\\VIRTUA~1\\R-RETI~1\\Lib\\site-packages\\numpy\\_core\\include\\numpy\\ndarraytypes.h won't be automatically included in the manifest: the path must be relative\n  dependency C:\\Users\\RUNNER~1\\DOCUME~1\\VIRTUA~1\\R-RETI~1\\Lib\\site-packages\\numpy\\_core\\include\\numpy\\ufuncobject.h won't be automatically included in the manifest: the path must be relative\n  dependency C:\\Users\\RUNNER~1\\DOCUME~1\\VIRTUA~1\\R-RETI~1\\Lib\\site-packages\\numpy\\_core\\include\\numpy\\arrayobject.h won't be automatically included in the manifest: the path must be relative\n  dependency C:\\Users\\RUNNER~1\\DOCUME~1\\VIRTUA~1\\R-RETI~1\\Lib\\site-packages\\numpy\\_core\\include\\numpy\\arrayscalars.h won't be automatically included in the manifest: the path must be relative\n  dependency C:\\Users\\RUNNER~1\\DOCUME~1\\VIRTUA~1\\R-RETI~1\\Lib\\site-packages\\numpy\\_core\\include\\numpy\\ndarrayobject.h won't be automatically included in the manifest: the path must be relative\n  dependency C:\\Users\\RUNNER~1\\DOCUME~1\\VIRTUA~1\\R-RETI~1\\Lib\\site-packages\\numpy\\_core\\include\\numpy\\ndarraytypes.h won't be automatically included in the manifest: the path must be relative\n  dependency C:\\Users\\RUNNER~1\\DOCUME~1\\VIRTUA~1\\R-RETI~1\\Lib\\site-packages\\numpy\\_core\\include\\numpy\\ufuncobject.h won't be automatically included in the manifest: the path must be relative\n  dependency C:\\Users\\RUNNER~1\\DOCUME~1\\VIRTUA~1\\R-RETI~1\\Lib\\site-packages\\numpy\\_core\\include\\numpy\\arrayobject.h won't be automatically included in the manifest: the path must be relative\n  dependency C:\\Users\\RUNNER~1\\DOCUME~1\\VIRTUA~1\\R-RETI~1\\Lib\\site-packages\\numpy\\_core\\include\\numpy\\arrayscalars.h won't be automatically included in the manifest: the path must be relative\n  dependency C:\\Users\\RUNNER~1\\DOCUME~1\\VIRTUA~1\\R-RETI~1\\Lib\\site-packages\\numpy\\_core\\include\\numpy\\ndarrayobject.h won't be automatically included in the manifest: the path must be relative\n  dependency C:\\Users\\RUNNER~1\\DOCUME~1\\VIRTUA~1\\R-RETI~1\\Lib\\site-packages\\numpy\\_core\\include\\numpy\\ndarraytypes.h won't be automatically included in the manifest: the path must be relative\n  dependency C:\\Users\\RUNNER~1\\DOCUME~1\\VIRTUA~1\\R-RETI~1\\Lib\\site-packages\\numpy\\_core\\include\\numpy\\ufuncobject.h won't be automatically included in the manifest: the path must be relative\n  dependency C:\\Users\\RUNNER~1\\DOCUME~1\\VIRTUA~1\\R-RETI~1\\Lib\\site-packages\\numpy\\_core\\include\\numpy\\arrayobject.h won't be automatically included in the manifest: the path must be relative\n  dependency C:\\Users\\RUNNER~1\\DOCUME~1\\VIRTUA~1\\R-RETI~1\\Lib\\site-packages\\numpy\\_core\\include\\numpy\\arrayscalars.h won't be automatically included in the manifest: the path must be relative\n  dependency C:\\Users\\RUNNER~1\\DOCUME~1\\VIRTUA~1\\R-RETI~1\\Lib\\site-packages\\numpy\\_core\\include\\numpy\\ndarrayobject.h won't be automatically included in the manifest: the path must be relative\n  dependency C:\\Users\\RUNNER~1\\DOCUME~1\\VIRTUA~1\\R-RETI~1\\Lib\\site-packages\\numpy\\_core\\include\\numpy\\ndarraytypes.h won't be automatically included in the manifest: the path must be relative\n  dependency C:\\Users\\RUNNER~1\\DOCUME~1\\VIRTUA~1\\R-RETI~1\\Lib\\site-packages\\numpy\\_core\\include\\numpy\\ufuncobject.h won't be automatically included in the manifest: the path must be relative\n  dependency C:\\Users\\RUNNER~1\\DOCUME~1\\VIRTUA~1\\R-RETI~1\\Lib\\site-packages\\numpy\\_core\\include\\numpy\\arrayobject.h won't be automatically included in the manifest: the path must be relative\n  dependency C:\\Users\\RUNNER~1\\DOCUME~1\\VIRTUA~1\\R-RETI~1\\Lib\\site-packages\\numpy\\_core\\include\\numpy\\arrayscalars.h won't be automatically included in the manifest: the path must be relative\n  dependency C:\\Users\\RUNNER~1\\DOCUME~1\\VIRTUA~1\\R-RETI~1\\Lib\\site-packages\\numpy\\_core\\include\\numpy\\ndarrayobject.h won't be automatically included in the manifest: the path must be relative\n  dependency C:\\Users\\RUNNER~1\\DOCUME~1\\VIRTUA~1\\R-RETI~1\\Lib\\site-packages\\numpy\\_core\\include\\numpy\\ndarraytypes.h won't be automatically included in the manifest: the path must be relative\n  dependency C:\\Users\\RUNNER~1\\DOCUME~1\\VIRTUA~1\\R-RETI~1\\Lib\\site-packages\\numpy\\_core\\include\\numpy\\ufuncobject.h won't be automatically included in the manifest: the path must be relative\n  reading manifest file 'C:\\Users\\runneradmin\\AppData\\Local\\Temp\\pip-pip-egg-info-9lm8ez_a\\mlsauce.egg-info\\SOURCES.txt'\n  adding license file 'LICENSE'\n  writing manifest file 'C:\\Users\\runneradmin\\AppData\\Local\\Temp\\pip-pip-egg-info-9lm8ez_a\\mlsauce.egg-info\\SOURCES.txt'\n  Traceback (most recent call last):\n    File \"C:\\Users\\runneradmin\\AppData\\Local\\Temp\\pip-req-build-af_m7417\\mlsauce\\adaopt\\setup2.py\", line 2, in <module>\n      from setuptools import setup\n  ModuleNotFoundError: No module named 'setuptools'\n  Traceback (most recent call last):\n    File \"C:\\Users\\runneradmin\\AppData\\Local\\Temp\\pip-req-build-af_m7417\\mlsauce\\booster\\setup2.py\", line 2, in <module>\n      from distutils.core import setup\n  ModuleNotFoundError: No module named 'distutils'\n  python3: can't open file 'C:\\\\Users\\\\runneradmin\\\\AppData\\\\Local\\\\Temp\\\\pip-req-build-af_m7417\\\\mlsauce\\\\elasticnet\\\\setup2.py': [Errno 2] No such file or directory\n  Traceback (most recent call last):\n    File \"C:\\Users\\runneradmin\\AppData\\Local\\Temp\\pip-req-build-af_m7417\\mlsauce\\lasso\\setup2.py\", line 2, in <module>\n      from setuptools import setup\n  ModuleNotFoundError: No module named 'setuptools'\n  Traceback (most recent call last):\n    File \"C:\\Users\\runneradmin\\AppData\\Local\\Temp\\pip-req-build-af_m7417\\mlsauce\\ridge\\setup2.py\", line 2, in <module>\n      from setuptools import setup\n  ModuleNotFoundError: No module named 'setuptools'\n  Traceback (most recent call last):\n    File \"C:\\Users\\runneradmin\\AppData\\Local\\Temp\\pip-req-build-af_m7417\\mlsauce\\stump\\setup2.py\", line 2, in <module>\n      from setuptools import setup\n  ModuleNotFoundError: No module named 'setuptools'\n  Preparing metadata (setup.py): finished with status 'done'\n  Link requires a different Python (3.13.2 not in: '>=3.7,<3.11'): https://files.pythonhosted.org/packages/3a/be/650f9c091ef71cb01d735775d554e068752d3ff63d7943b26316dc401749/numpy-1.21.2.zip (from https://pypi.org/simple/numpy/) (requires-python:>=3.7,<3.11)\n  Link requires a different Python (3.13.2 not in: '>=3.7,<3.11'): https://files.pythonhosted.org/packages/5f/d6/ad58ded26556eaeaa8c971e08b6466f17c4ac4d786cd3d800e26ce59cc01/numpy-1.21.3.zip (from https://pypi.org/simple/numpy/) (requires-python:>=3.7,<3.11)\n  Link requires a different Python (3.13.2 not in: '>=3.7,<3.11'): https://files.pythonhosted.org/packages/fb/48/b0708ebd7718a8933f0d3937513ef8ef2f4f04529f1f66ca86d873043921/numpy-1.21.4.zip (from https://pypi.org/simple/numpy/) (requires-python:>=3.7,<3.11)\n  Link requires a different Python (3.13.2 not in: '>=3.7,<3.11'): https://files.pythonhosted.org/packages/c2/a8/a924a09492bdfee8c2ec3094d0a13f2799800b4fdc9c890738aeeb12c72e/numpy-1.21.5.zip (from https://pypi.org/simple/numpy/) (requires-python:>=3.7,<3.11)\n  Link requires a different Python (3.13.2 not in: '>=3.7,<3.11'): https://files.pythonhosted.org/packages/45/b7/de7b8e67f2232c26af57c205aaad29fe17754f793404f59c8a730c7a191a/numpy-1.21.6.zip (from https://pypi.org/simple/numpy/) (requires-python:>=3.7,<3.11)\n  Link requires a different Python (3.13.2 not in: '<3.13,>=3.9'): https://files.pythonhosted.org/packages/55/b3/b13bce39ba82b7398c06d10446f5ffd5c07db39b09bd37370dc720c7951c/numpy-1.26.0.tar.gz (from https://pypi.org/simple/numpy/) (requires-python:<3.13,>=3.9)\n  Link requires a different Python (3.13.2 not in: '<3.13,>=3.9'): https://files.pythonhosted.org/packages/78/23/f78fd8311e0f710fe1d065d50b92ce0057fe877b8ed7fd41b28ad6865bfc/numpy-1.26.1.tar.gz (from https://pypi.org/simple/numpy/) (requires-python:<3.13,>=3.9)\nCollecting numpy (from mlsauce==0.24.0)\n  Obtaining dependency information for numpy from https://files.pythonhosted.org/packages/97/e7/7d55a86719d0de7a6a597949f3febefb1009435b79ba510ff32f05a8c1d7/numpy-2.2.3-cp313-cp313-win_amd64.whl.metadata\n  Using cached numpy-2.2.3-cp313-cp313-win_amd64.whl.metadata (60 kB)\nCollecting Cython (from mlsauce==0.24.0)\n  Obtaining dependency information for Cython from https://files.pythonhosted.org/packages/a6/5f/bbfaf2b5f7bf78854ecbc82f8473a3892ae5580e0c5bd0d4a82580b39ed3/Cython-3.0.12-cp313-cp313-win_amd64.whl.metadata\n  Using cached Cython-3.0.12-cp313-cp313-win_amd64.whl.metadata (3.6 kB)\nCollecting joblib (from mlsauce==0.24.0)\n  Obtaining dependency information for joblib from https://files.pythonhosted.org/packages/91/29/df4b9b42f2be0b623cbd5e2140cafcaa2bef0759a00b7b70104dcfe2fb51/joblib-1.4.2-py3-none-any.whl.metadata\n  Using cached joblib-1.4.2-py3-none-any.whl.metadata (5.4 kB)\nCollecting matplotlib (from mlsauce==0.24.0)\n  Obtaining dependency information for matplotlib from https://files.pythonhosted.org/packages/fa/d6/54cee7142cef7d910a324a7aedf335c0c147b03658b54d49ec48166f10a6/matplotlib-3.10.0-cp313-cp313-win_amd64.whl.metadata\n  Downloading matplotlib-3.10.0-cp313-cp313-win_amd64.whl.metadata (11 kB)\nCollecting nnetsauce (from mlsauce==0.24.0)\n  Obtaining dependency information for nnetsauce from https://files.pythonhosted.org/packages/a6/6f/fa7145dcb1e73bce12e0085af8a92d721c98e923271da2151ecec7d59702/nnetsauce-0.30.4-py3-none-any.whl.metadata\n  Downloading nnetsauce-0.30.4-py3-none-any.whl.metadata (978 bytes)\nCollecting pandas (from mlsauce==0.24.0)\n  Obtaining dependency information for pandas from https://files.pythonhosted.org/packages/3b/bc/4b18e2b8c002572c5a441a64826252ce5da2aa738855747247a971988043/pandas-2.2.3-cp313-cp313-win_amd64.whl.metadata\n  Downloading pandas-2.2.3-cp313-cp313-win_amd64.whl.metadata (19 kB)\nCollecting requests (from mlsauce==0.24.0)\n  Obtaining dependency information for requests from https://files.pythonhosted.org/packages/f9/9b/335f9764261e915ed497fcdeb11df5dfd6f7bf257d4a6a2a686d80da4d54/requests-2.32.3-py3-none-any.whl.metadata\n  Using cached requests-2.32.3-py3-none-any.whl.metadata (4.6 kB)\nCollecting scikit-learn (from mlsauce==0.24.0)\n  Obtaining dependency information for scikit-learn from https://files.pythonhosted.org/packages/34/b0/ca92b90859070a1487827dbc672f998da95ce83edce1270fc23f96f1f61a/scikit_learn-1.6.1-cp313-cp313-win_amd64.whl.metadata\n  Using cached scikit_learn-1.6.1-cp313-cp313-win_amd64.whl.metadata (15 kB)\n  Link requires a different Python (3.13.2 not in: '>=3.7,<3.10'): https://files.pythonhosted.org/packages/99/f1/c00d6be56e1a718a3068079e3ec8ce044d7179345280f6a3f5066068af0d/scipy-1.6.2.tar.gz (from https://pypi.org/simple/scipy/) (requires-python:>=3.7,<3.10)\n  Link requires a different Python (3.13.2 not in: '>=3.7,<3.10'): https://files.pythonhosted.org/packages/fe/fd/8704c7b7b34cdac850485e638346025ca57c5a859934b9aa1be5399b33b7/scipy-1.6.3.tar.gz (from https://pypi.org/simple/scipy/) (requires-python:>=3.7,<3.10)\n  Link requires a different Python (3.13.2 not in: '>=3.7,<3.10'): https://files.pythonhosted.org/packages/bb/bb/944f559d554df6c9adf037aa9fc982a9706ee0e96c0d5beac701cb158900/scipy-1.7.0.tar.gz (from https://pypi.org/simple/scipy/) (requires-python:>=3.7,<3.10)\n  Link requires a different Python (3.13.2 not in: '>=3.7,<3.10'): https://files.pythonhosted.org/packages/47/33/a24aec22b7be7fdb10ec117a95e1e4099890d8bbc6646902f443fc7719d1/scipy-1.7.1.tar.gz (from https://pypi.org/simple/scipy/) (requires-python:>=3.7,<3.10)\n  Link requires a different Python (3.13.2 not in: '>=3.7,<3.11'): https://files.pythonhosted.org/packages/0e/23/58c4f995475a2a97cb5f4a032aedaf881ad87cd976a7180c55118d105a1d/scipy-1.7.2.tar.gz (from https://pypi.org/simple/scipy/) (requires-python:>=3.7,<3.11)\n  Link requires a different Python (3.13.2 not in: '>=3.7,<3.11'): https://files.pythonhosted.org/packages/61/67/1a654b96309c991762ee9bc39c363fc618076b155fe52d295211cf2536c7/scipy-1.7.3.tar.gz (from https://pypi.org/simple/scipy/) (requires-python:>=3.7,<3.11)\n  Link requires a different Python (3.13.2 not in: '>=3.8,<3.11'): https://files.pythonhosted.org/packages/c0/ad/e3c052ed4e0027a8abef0a5e8441a044427d252d17d9aee06d56e62fc698/scipy-1.8.0rc1.tar.gz (from https://pypi.org/simple/scipy/) (requires-python:>=3.8,<3.11)\n  Link requires a different Python (3.13.2 not in: '>=3.8,<3.11'): https://files.pythonhosted.org/packages/29/d2/151a54944b333e465f98804dced31dab1284f3c37b752b9cefa710b64681/scipy-1.8.0rc2.tar.gz (from https://pypi.org/simple/scipy/) (requires-python:>=3.8,<3.11)\n  Link requires a different Python (3.13.2 not in: '>=3.8,<3.11'): https://files.pythonhosted.org/packages/e4/26/83dd1c6378513a6241d984bda9f08c512b6e35fff13fba3acc1b3c195f02/scipy-1.8.0rc3.tar.gz (from https://pypi.org/simple/scipy/) (requires-python:>=3.8,<3.11)\n  Link requires a different Python (3.13.2 not in: '>=3.8,<3.11'): https://files.pythonhosted.org/packages/22/78/056cc43e7737811b6f50886788a940f852773dd9804f5365952805db9648/scipy-1.8.0rc4.tar.gz (from https://pypi.org/simple/scipy/) (requires-python:>=3.8,<3.11)\n  Link requires a different Python (3.13.2 not in: '>=3.8,<3.11'): https://files.pythonhosted.org/packages/b4/a2/4faa34bf0cdbefd5c706625f1234987795f368eb4e97bde9d6f46860843e/scipy-1.8.0.tar.gz (from https://pypi.org/simple/scipy/) (requires-python:>=3.8,<3.11)\n  Link requires a different Python (3.13.2 not in: '>=3.8,<3.11'): https://files.pythonhosted.org/packages/26/b5/9330f004b9a3b2b6a31f59f46f1617ce9ca15c0e7fe64288c20385a05c9d/scipy-1.8.1.tar.gz (from https://pypi.org/simple/scipy/) (requires-python:>=3.8,<3.11)\n  Link requires a different Python (3.13.2 not in: '>=3.8,<3.12'): https://files.pythonhosted.org/packages/87/82/8b9bf8bb8030f1eef281ad2af87cc648e06e4a4974c2b9201a57d991b12c/scipy-1.9.0rc1.tar.gz (from https://pypi.org/simple/scipy/) (requires-python:>=3.8,<3.12)\n  Link requires a different Python (3.13.2 not in: '>=3.8,<3.12'): https://files.pythonhosted.org/packages/5a/87/27f9ee75c32138d6eaabff2b91744c97a3fdbbbdd78948372dac93e0079f/scipy-1.9.0rc2.tar.gz (from https://pypi.org/simple/scipy/) (requires-python:>=3.8,<3.12)\n  Link requires a different Python (3.13.2 not in: '>=3.8,<3.12'): https://files.pythonhosted.org/packages/57/72/484c38e5b814b48b41ac6432ef69077f2e7c8094925d3ce17bc3d61359b0/scipy-1.9.0rc3.tar.gz (from https://pypi.org/simple/scipy/) (requires-python:>=3.8,<3.12)\n  Link requires a different Python (3.13.2 not in: '>=3.8,<3.12'): https://files.pythonhosted.org/packages/a8/e3/4ec401f609d34162b7023a09165da491630879e4cfa2336667fe2102cd06/scipy-1.9.0.tar.gz (from https://pypi.org/simple/scipy/) (requires-python:>=3.8,<3.12)\n  Link requires a different Python (3.13.2 not in: '>=3.8,<3.12'): https://files.pythonhosted.org/packages/db/af/16906139f52bc6866c43401869ce247662739ad71afa11c6f18505eb0546/scipy-1.9.1.tar.gz (from https://pypi.org/simple/scipy/) (requires-python:>=3.8,<3.12)\n  Link requires a different Python (3.13.2 not in: '<3.12,>=3.8'): https://files.pythonhosted.org/packages/a2/ce/2592c3b550cf8f68879d4ff2159f3c689ee6f032f8fc9059022074f7bd75/scipy-1.10.0rc1.tar.gz (from https://pypi.org/simple/scipy/) (requires-python:<3.12,>=3.8)\n  Link requires a different Python (3.13.2 not in: '<3.12,>=3.8'): https://files.pythonhosted.org/packages/6b/a3/7de758a32569e06877a6b298bdf7b529ce97a33c55deb2b1637b0162fd9d/scipy-1.10.0rc2.tar.gz (from https://pypi.org/simple/scipy/) (requires-python:<3.12,>=3.8)\n  Link requires a different Python (3.13.2 not in: '<3.12,>=3.8'): https://files.pythonhosted.org/packages/d6/bd/2d13a273d95f7b7d9903c906c486040b0aebb85e008f93a5dd0891f21f1f/scipy-1.10.0.tar.gz (from https://pypi.org/simple/scipy/) (requires-python:<3.12,>=3.8)\n  Link requires a different Python (3.13.2 not in: '<3.12,>=3.8'): https://files.pythonhosted.org/packages/84/a9/2bf119f3f9cff1f376f924e39cfae18dec92a1514784046d185731301281/scipy-1.10.1.tar.gz (from https://pypi.org/simple/scipy/) (requires-python:<3.12,>=3.8)\n  Link requires a different Python (3.13.2 not in: '<3.13,>=3.9'): https://files.pythonhosted.org/packages/8c/95/61cf1d8453b2de242991b5371b31d51d53dde38dc99b9b43c0d2b1933fac/scipy-1.11.0rc1.tar.gz (from https://pypi.org/simple/scipy/) (requires-python:<3.13,>=3.9)\n  Link requires a different Python (3.13.2 not in: '<3.13,>=3.9'): https://files.pythonhosted.org/packages/8a/56/d9cc5fa64b8083d495bf1db0a2b10923acda3a105eca7f28765f47564be0/scipy-1.11.0rc2.tar.gz (from https://pypi.org/simple/scipy/) (requires-python:<3.13,>=3.9)\n  Link requires a different Python (3.13.2 not in: '<3.13,>=3.9'): https://files.pythonhosted.org/packages/fa/d0/724c8204f87b6f807e3e67de32b8b4922d579154a448ce94e89129064bf1/scipy-1.11.0.tar.gz (from https://pypi.org/simple/scipy/) (requires-python:<3.13,>=3.9)\n  Link requires a different Python (3.13.2 not in: '<3.13,>=3.9'): https://files.pythonhosted.org/packages/a6/98/fceb84466a74b8fe74ce2dcc3a0a89cb7b4a689d4775e0fb4c95f335ef6a/scipy-1.11.1.tar.gz (from https://pypi.org/simple/scipy/) (requires-python:<3.13,>=3.9)\n  Link requires a different Python (3.13.2 not in: '<3.13,>=3.9'): https://files.pythonhosted.org/packages/9c/ef/87a5565907645998d7c62e76b84b0ca9f0b7c25cd433f5617a968051cec3/scipy-1.11.2.tar.gz (from https://pypi.org/simple/scipy/) (requires-python:<3.13,>=3.9)\n  Link requires a different Python (3.13.2 not in: '<3.13,>=3.9'): https://files.pythonhosted.org/packages/39/7b/9f265b7f074195392e893a5cdc66116c2f7a31fd5f3d9cceff661ec6df82/scipy-1.11.3.tar.gz (from https://pypi.org/simple/scipy/) (requires-python:<3.13,>=3.9)\nCollecting scipy (from mlsauce==0.24.0)\n  Obtaining dependency information for scipy from https://files.pythonhosted.org/packages/0d/76/77cf2ac1f2a9cc00c073d49e1e16244e389dd88e2490c91d84e1e3e4d126/scipy-1.15.2-cp313-cp313-win_amd64.whl.metadata\n  Using cached scipy-1.15.2-cp313-cp313-win_amd64.whl.metadata (60 kB)\nCollecting tqdm (from mlsauce==0.24.0)\n  Obtaining dependency information for tqdm from https://files.pythonhosted.org/packages/d0/30/dc54f88dd4a2b5dc8a0279bdd7270e735851848b762aeb1c1184ed1f6b14/tqdm-4.67.1-py3-none-any.whl.metadata\n  Downloading tqdm-4.67.1-py3-none-any.whl.metadata (57 kB)\nCollecting contourpy>=1.0.1 (from matplotlib->mlsauce==0.24.0)\n  Obtaining dependency information for contourpy>=1.0.1 from https://files.pythonhosted.org/packages/e3/d5/28bca491f65312b438fbf076589dcde7f6f966b196d900777f5811b9c4e2/contourpy-1.3.1-cp313-cp313-win_amd64.whl.metadata\n  Downloading contourpy-1.3.1-cp313-cp313-win_amd64.whl.metadata (5.4 kB)\nCollecting cycler>=0.10 (from matplotlib->mlsauce==0.24.0)\n  Obtaining dependency information for cycler>=0.10 from https://files.pythonhosted.org/packages/e7/05/c19819d5e3d95294a6f5947fb9b9629efb316b96de511b418c53d245aae6/cycler-0.12.1-py3-none-any.whl.metadata\n  Downloading cycler-0.12.1-py3-none-any.whl.metadata (3.8 kB)\nCollecting fonttools>=4.22.0 (from matplotlib->mlsauce==0.24.0)\n  Obtaining dependency information for fonttools>=4.22.0 from https://files.pythonhosted.org/packages/27/6d/3edda54f98a550a0473f032d8050315fbc8f1b76a0d9f3879b72ebb2cdd6/fonttools-4.56.0-cp313-cp313-win_amd64.whl.metadata\n  Downloading fonttools-4.56.0-cp313-cp313-win_amd64.whl.metadata (103 kB)\nCollecting kiwisolver>=1.3.1 (from matplotlib->mlsauce==0.24.0)\n  Obtaining dependency information for kiwisolver>=1.3.1 from https://files.pythonhosted.org/packages/d0/dc/c1abe38c37c071d0fc71c9a474fd0b9ede05d42f5a458d584619cfd2371a/kiwisolver-1.4.8-cp313-cp313-win_amd64.whl.metadata\n  Downloading kiwisolver-1.4.8-cp313-cp313-win_amd64.whl.metadata (6.3 kB)\nCollecting packaging>=20.0 (from matplotlib->mlsauce==0.24.0)\n  Obtaining dependency information for packaging>=20.0 from https://files.pythonhosted.org/packages/88/ef/eb23f262cca3c0c4eb7ab1933c3b1f03d021f2c48f54763065b6f0e321be/packaging-24.2-py3-none-any.whl.metadata\n  Downloading packaging-24.2-py3-none-any.whl.metadata (3.2 kB)\nCollecting pillow>=8 (from matplotlib->mlsauce==0.24.0)\n  Obtaining dependency information for pillow>=8 from https://files.pythonhosted.org/packages/3b/ad/285c556747d34c399f332ba7c1a595ba245796ef3e22eae190f5364bb62b/pillow-11.1.0-cp313-cp313-win_amd64.whl.metadata\n  Downloading pillow-11.1.0-cp313-cp313-win_amd64.whl.metadata (9.3 kB)\nCollecting pyparsing>=2.3.1 (from matplotlib->mlsauce==0.24.0)\n  Obtaining dependency information for pyparsing>=2.3.1 from https://files.pythonhosted.org/packages/1c/a7/c8a2d361bf89c0d9577c934ebb7421b25dc84bf3a8e3ac0a40aed9acc547/pyparsing-3.2.1-py3-none-any.whl.metadata\n  Downloading pyparsing-3.2.1-py3-none-any.whl.metadata (5.0 kB)\nCollecting python-dateutil>=2.7 (from matplotlib->mlsauce==0.24.0)\n  Obtaining dependency information for python-dateutil>=2.7 from https://files.pythonhosted.org/packages/ec/57/56b9bcc3c9c6a792fcbaf139543cee77261f3651ca9da0c93f5c1221264b/python_dateutil-2.9.0.post0-py2.py3-none-any.whl.metadata\n  Downloading python_dateutil-2.9.0.post0-py2.py3-none-any.whl.metadata (8.4 kB)\nCollecting statsmodels (from nnetsauce->mlsauce==0.24.0)\n  Obtaining dependency information for statsmodels from https://files.pythonhosted.org/packages/1d/eb/cb8b01f5edf8f135eb3d0553d159db113a35b2948d0e51eeb735e7ae09ea/statsmodels-0.14.4-cp313-cp313-win_amd64.whl.metadata\n  Downloading statsmodels-0.14.4-cp313-cp313-win_amd64.whl.metadata (9.5 kB)\nCollecting threadpoolctl (from nnetsauce->mlsauce==0.24.0)\n  Obtaining dependency information for threadpoolctl from https://files.pythonhosted.org/packages/4b/2c/ffbf7a134b9ab11a67b0cf0726453cedd9c5043a4fe7a35d1cefa9a1bcfb/threadpoolctl-3.5.0-py3-none-any.whl.metadata\n  Using cached threadpoolctl-3.5.0-py3-none-any.whl.metadata (13 kB)\nCollecting pytz>=2020.1 (from pandas->mlsauce==0.24.0)\n  Obtaining dependency information for pytz>=2020.1 from https://files.pythonhosted.org/packages/eb/38/ac33370d784287baa1c3d538978b5e2ea064d4c1b93ffbd12826c190dd10/pytz-2025.1-py2.py3-none-any.whl.metadata\n  Downloading pytz-2025.1-py2.py3-none-any.whl.metadata (22 kB)\nCollecting tzdata>=2022.7 (from pandas->mlsauce==0.24.0)\n  Obtaining dependency information for tzdata>=2022.7 from https://files.pythonhosted.org/packages/0f/dd/84f10e23edd882c6f968c21c2434fe67bd4a528967067515feca9e611e5e/tzdata-2025.1-py2.py3-none-any.whl.metadata\n  Downloading tzdata-2025.1-py2.py3-none-any.whl.metadata (1.4 kB)\nCollecting charset-normalizer<4,>=2 (from requests->mlsauce==0.24.0)\n  Obtaining dependency information for charset-normalizer<4,>=2 from https://files.pythonhosted.org/packages/27/f2/4f9a69cc7712b9b5ad8fdb87039fd89abba997ad5cbe690d1835d40405b0/charset_normalizer-3.4.1-cp313-cp313-win_amd64.whl.metadata\n  Downloading charset_normalizer-3.4.1-cp313-cp313-win_amd64.whl.metadata (36 kB)\nCollecting idna<4,>=2.5 (from requests->mlsauce==0.24.0)\n  Obtaining dependency information for idna<4,>=2.5 from https://files.pythonhosted.org/packages/76/c6/c88e154df9c4e1a2a66ccf0005a88dfb2650c1dffb6f5ce603dfbd452ce3/idna-3.10-py3-none-any.whl.metadata\n  Using cached idna-3.10-py3-none-any.whl.metadata (10 kB)\nCollecting urllib3<3,>=1.21.1 (from requests->mlsauce==0.24.0)\n  Obtaining dependency information for urllib3<3,>=1.21.1 from https://files.pythonhosted.org/packages/c8/19/4ec628951a74043532ca2cf5d97b7b14863931476d117c471e8e2b1eb39f/urllib3-2.3.0-py3-none-any.whl.metadata\n  Using cached urllib3-2.3.0-py3-none-any.whl.metadata (6.5 kB)\nCollecting certifi>=2017.4.17 (from requests->mlsauce==0.24.0)\n  Obtaining dependency information for certifi>=2017.4.17 from https://files.pythonhosted.org/packages/38/fc/bce832fd4fd99766c04d1ee0eead6b0ec6486fb100ae5e74c1d91292b982/certifi-2025.1.31-py3-none-any.whl.metadata\n  Using cached certifi-2025.1.31-py3-none-any.whl.metadata (2.5 kB)\nCollecting colorama (from tqdm->mlsauce==0.24.0)\n  Obtaining dependency information for colorama from https://files.pythonhosted.org/packages/d1/d6/3965ed04c63042e047cb6a3e6ed1a63a35087b6a609aa3a15ed8ac56c221/colorama-0.4.6-py2.py3-none-any.whl.metadata\n  Downloading colorama-0.4.6-py2.py3-none-any.whl.metadata (17 kB)\nCollecting six>=1.5 (from python-dateutil>=2.7->matplotlib->mlsauce==0.24.0)\n  Obtaining dependency information for six>=1.5 from https://files.pythonhosted.org/packages/b7/ce/149a00dd41f10bc29e5921b496af8b574d8413afcd5e30dfa0ed46c2cc5e/six-1.17.0-py2.py3-none-any.whl.metadata\n  Downloading six-1.17.0-py2.py3-none-any.whl.metadata (1.7 kB)\nCollecting patsy>=0.5.6 (from statsmodels->nnetsauce->mlsauce==0.24.0)\n  Obtaining dependency information for patsy>=0.5.6 from https://files.pythonhosted.org/packages/87/2b/b50d3d08ea0fc419c183a84210571eba005328efa62b6b98bc28e9ead32a/patsy-1.0.1-py2.py3-none-any.whl.metadata\n  Downloading patsy-1.0.1-py2.py3-none-any.whl.metadata (3.3 kB)\nUsing cached Cython-3.0.12-cp313-cp313-win_amd64.whl (2.8 MB)\nUsing cached joblib-1.4.2-py3-none-any.whl (301 kB)\nDownloading matplotlib-3.10.0-cp313-cp313-win_amd64.whl (8.0 MB)\n   ---------------------------------------- 8.0/8.0 MB 67.8 MB/s eta 0:00:00\nUsing cached numpy-2.2.3-cp313-cp313-win_amd64.whl (12.6 MB)\nDownloading nnetsauce-0.30.4-py3-none-any.whl (189 kB)\nDownloading pandas-2.2.3-cp313-cp313-win_amd64.whl (11.5 MB)\n   ---------------------------------------- 11.5/11.5 MB 67.4 MB/s eta 0:00:00\nUsing cached requests-2.32.3-py3-none-any.whl (64 kB)\nUsing cached scikit_learn-1.6.1-cp313-cp313-win_amd64.whl (11.1 MB)\nUsing cached scipy-1.15.2-cp313-cp313-win_amd64.whl (41.0 MB)\nDownloading tqdm-4.67.1-py3-none-any.whl (78 kB)\nUsing cached certifi-2025.1.31-py3-none-any.whl (166 kB)\nDownloading charset_normalizer-3.4.1-cp313-cp313-win_amd64.whl (102 kB)\nDownloading contourpy-1.3.1-cp313-cp313-win_amd64.whl (220 kB)\nDownloading cycler-0.12.1-py3-none-any.whl (8.3 kB)\nDownloading fonttools-4.56.0-cp313-cp313-win_amd64.whl (2.2 MB)\n   ---------------------------------------- 2.2/2.2 MB 43.2 MB/s eta 0:00:00\nUsing cached idna-3.10-py3-none-any.whl (70 kB)\nDownloading kiwisolver-1.4.8-cp313-cp313-win_amd64.whl (71 kB)\nDownloading packaging-24.2-py3-none-any.whl (65 kB)\nDownloading pillow-11.1.0-cp313-cp313-win_amd64.whl (2.6 MB)\n   ---------------------------------------- 2.6/2.6 MB 63.7 MB/s eta 0:00:00\nDownloading pyparsing-3.2.1-py3-none-any.whl (107 kB)\nDownloading python_dateutil-2.9.0.post0-py2.py3-none-any.whl (229 kB)\nDownloading pytz-2025.1-py2.py3-none-any.whl (507 kB)\nUsing cached threadpoolctl-3.5.0-py3-none-any.whl (18 kB)\nDownloading tzdata-2025.1-py2.py3-none-any.whl (346 kB)\nUsing cached urllib3-2.3.0-py3-none-any.whl (128 kB)\nDownloading colorama-0.4.6-py2.py3-none-any.whl (25 kB)\nDownloading statsmodels-0.14.4-cp313-cp313-win_amd64.whl (9.8 MB)\n   ---------------------------------------- 9.8/9.8 MB 55.0 MB/s eta 0:00:00\nDownloading patsy-1.0.1-py2.py3-none-any.whl (232 kB)\nDownloading six-1.17.0-py2.py3-none-any.whl (11 kB)\nBuilding wheels for collected packages: mlsauce\n  Building wheel for mlsauce (setup.py): started\n  Running command python setup.py bdist_wheel\n  Requirement already satisfied: numpy in c:\\hostedtoolcache\\windows\\python\\3.9.13\\x64\\lib\\site-packages (2.0.2)\n  Requirement already satisfied: scipy in c:\\hostedtoolcache\\windows\\python\\3.9.13\\x64\\lib\\site-packages (1.13.1)\n  Requirement already satisfied: numpy<2.3,>=1.22.4 in c:\\hostedtoolcache\\windows\\python\\3.9.13\\x64\\lib\\site-packages (from scipy) (2.0.2)\n  Requirement already satisfied: requests in c:\\hostedtoolcache\\windows\\python\\3.9.13\\x64\\lib\\site-packages (2.32.3)\n  Requirement already satisfied: charset-normalizer<4,>=2 in c:\\hostedtoolcache\\windows\\python\\3.9.13\\x64\\lib\\site-packages (from requests) (3.4.1)\n  Requirement already satisfied: idna<4,>=2.5 in c:\\hostedtoolcache\\windows\\python\\3.9.13\\x64\\lib\\site-packages (from requests) (3.10)\n  Requirement already satisfied: urllib3<3,>=1.21.1 in c:\\hostedtoolcache\\windows\\python\\3.9.13\\x64\\lib\\site-packages (from requests) (2.3.0)\n  Requirement already satisfied: certifi>=2017.4.17 in c:\\hostedtoolcache\\windows\\python\\3.9.13\\x64\\lib\\site-packages (from requests) (2025.1.31)\n  Requirement already satisfied: Cython in c:\\hostedtoolcache\\windows\\python\\3.9.13\\x64\\lib\\site-packages (3.0.12)\n  C:\\Users\\RUNNER~1\\DOCUME~1\\VIRTUA~1\\R-RETI~1\\Lib\\site-packages\\setuptools\\__init__.py:94: _DeprecatedInstaller: setuptools.installer and fetch_build_eggs are deprecated.\n  !!\n\n          ********************************************************************************\n          Requirements should be satisfied by a PEP 517 installer.\n          If you are using pip, you can try `pip install --use-pep517`.\n          ********************************************************************************\n\n  !!\n    dist.fetch_build_eggs(dist.setup_requires)\n  running bdist_wheel\n  C:\\Users\\RUNNER~1\\DOCUME~1\\VIRTUA~1\\R-RETI~1\\Lib\\site-packages\\setuptools\\_distutils\\cmd.py:124: SetuptoolsDeprecationWarning: bdist_wheel.universal is deprecated\n  !!\n\n          ********************************************************************************\n          With Python 2.7 end-of-life, support for building universal wheels\n          (i.e., wheels that support both Python 2 and Python 3)\n          is being obviated.\n          Please discontinue using this option, or if you still need it,\n          file an issue with pypa/setuptools describing your use case.\n\n          By 2025-Aug-30, you need to update your project and remove deprecated calls\n          or your builds will no longer be supported.\n          ********************************************************************************\n\n  !!\n    self.finalize_options()\n  running build\n  running build_py\n  creating build\\lib.win-amd64-cpython-313\\mlsauce\n  copying mlsauce\\setup.py -> build\\lib.win-amd64-cpython-313\\mlsauce\n  copying mlsauce\\_config.py -> build\\lib.win-amd64-cpython-313\\mlsauce\n  copying mlsauce\\__init__.py -> build\\lib.win-amd64-cpython-313\\mlsauce\n  creating build\\lib.win-amd64-cpython-313\\mlsauce\\adaopt\n  copying mlsauce\\adaopt\\setup.py -> build\\lib.win-amd64-cpython-313\\mlsauce\\adaopt\n  copying mlsauce\\adaopt\\setup2.py -> build\\lib.win-amd64-cpython-313\\mlsauce\\adaopt\n  copying mlsauce\\adaopt\\utils_adaopt.py -> build\\lib.win-amd64-cpython-313\\mlsauce\\adaopt\n  copying mlsauce\\adaopt\\_adaopt.py -> build\\lib.win-amd64-cpython-313\\mlsauce\\adaopt\n  copying mlsauce\\adaopt\\__init__.py -> build\\lib.win-amd64-cpython-313\\mlsauce\\adaopt\n  creating build\\lib.win-amd64-cpython-313\\mlsauce\\booster\n  copying mlsauce\\booster\\setup.py -> build\\lib.win-amd64-cpython-313\\mlsauce\\booster\n  copying mlsauce\\booster\\setup2.py -> build\\lib.win-amd64-cpython-313\\mlsauce\\booster\n  copying mlsauce\\booster\\utils_booster.py -> build\\lib.win-amd64-cpython-313\\mlsauce\\booster\n  copying mlsauce\\booster\\_booster_classifier.py -> build\\lib.win-amd64-cpython-313\\mlsauce\\booster\n  copying mlsauce\\booster\\_booster_regressor.py -> build\\lib.win-amd64-cpython-313\\mlsauce\\booster\n  copying mlsauce\\booster\\__init__.py -> build\\lib.win-amd64-cpython-313\\mlsauce\\booster\n  creating build\\lib.win-amd64-cpython-313\\mlsauce\\datasets\n  copying mlsauce\\datasets\\dowload.py -> build\\lib.win-amd64-cpython-313\\mlsauce\\datasets\n  copying mlsauce\\datasets\\__init__.py -> build\\lib.win-amd64-cpython-313\\mlsauce\\datasets\n  creating build\\lib.win-amd64-cpython-313\\mlsauce\\elasticnet\n  copying mlsauce\\elasticnet\\enet.py -> build\\lib.win-amd64-cpython-313\\mlsauce\\elasticnet\n  copying mlsauce\\elasticnet\\utils_enet.py -> build\\lib.win-amd64-cpython-313\\mlsauce\\elasticnet\n  copying mlsauce\\elasticnet\\_enet.py -> build\\lib.win-amd64-cpython-313\\mlsauce\\elasticnet\n  copying mlsauce\\elasticnet\\__init__.py -> build\\lib.win-amd64-cpython-313\\mlsauce\\elasticnet\n  creating build\\lib.win-amd64-cpython-313\\mlsauce\\kernelridge\n  copying mlsauce\\kernelridge\\krr.py -> build\\lib.win-amd64-cpython-313\\mlsauce\\kernelridge\n  copying mlsauce\\kernelridge\\__init__.py -> build\\lib.win-amd64-cpython-313\\mlsauce\\kernelridge\n  creating build\\lib.win-amd64-cpython-313\\mlsauce\\lasso\n  copying mlsauce\\lasso\\setup.py -> build\\lib.win-amd64-cpython-313\\mlsauce\\lasso\n  copying mlsauce\\lasso\\setup2.py -> build\\lib.win-amd64-cpython-313\\mlsauce\\lasso\n  copying mlsauce\\lasso\\utils_lasso.py -> build\\lib.win-amd64-cpython-313\\mlsauce\\lasso\n  copying mlsauce\\lasso\\_lasso.py -> build\\lib.win-amd64-cpython-313\\mlsauce\\lasso\n  copying mlsauce\\lasso\\__init__.py -> build\\lib.win-amd64-cpython-313\\mlsauce\\lasso\n  creating build\\lib.win-amd64-cpython-313\\mlsauce\\lazybooster\n  copying mlsauce\\lazybooster\\config.py -> build\\lib.win-amd64-cpython-313\\mlsauce\\lazybooster\n  copying mlsauce\\lazybooster\\lazyboosterclassif.py -> build\\lib.win-amd64-cpython-313\\mlsauce\\lazybooster\n  copying mlsauce\\lazybooster\\lazyboostermts.py -> build\\lib.win-amd64-cpython-313\\mlsauce\\lazybooster\n  copying mlsauce\\lazybooster\\lazyboosterregression.py -> build\\lib.win-amd64-cpython-313\\mlsauce\\lazybooster\n  copying mlsauce\\lazybooster\\__init__.py -> build\\lib.win-amd64-cpython-313\\mlsauce\\lazybooster\n  creating build\\lib.win-amd64-cpython-313\\mlsauce\\multitaskregressor\n  copying mlsauce\\multitaskregressor\\mtaskregr.py -> build\\lib.win-amd64-cpython-313\\mlsauce\\multitaskregressor\n  copying mlsauce\\multitaskregressor\\__init__.py -> build\\lib.win-amd64-cpython-313\\mlsauce\\multitaskregressor\n  creating build\\lib.win-amd64-cpython-313\\mlsauce\\nonconformist\n  copying mlsauce\\nonconformist\\acp.py -> build\\lib.win-amd64-cpython-313\\mlsauce\\nonconformist\n  copying mlsauce\\nonconformist\\base.py -> build\\lib.win-amd64-cpython-313\\mlsauce\\nonconformist\n  copying mlsauce\\nonconformist\\cp.py -> build\\lib.win-amd64-cpython-313\\mlsauce\\nonconformist\n  copying mlsauce\\nonconformist\\evaluation.py -> build\\lib.win-amd64-cpython-313\\mlsauce\\nonconformist\n  copying mlsauce\\nonconformist\\icp.py -> build\\lib.win-amd64-cpython-313\\mlsauce\\nonconformist\n  copying mlsauce\\nonconformist\\nc.py -> build\\lib.win-amd64-cpython-313\\mlsauce\\nonconformist\n  copying mlsauce\\nonconformist\\util.py -> build\\lib.win-amd64-cpython-313\\mlsauce\\nonconformist\n  copying mlsauce\\nonconformist\\__init__.py -> build\\lib.win-amd64-cpython-313\\mlsauce\\nonconformist\n  creating build\\lib.win-amd64-cpython-313\\mlsauce\\predictioninterval\n  copying mlsauce\\predictioninterval\\predictioninterval.py -> build\\lib.win-amd64-cpython-313\\mlsauce\\predictioninterval\n  copying mlsauce\\predictioninterval\\__init__.py -> build\\lib.win-amd64-cpython-313\\mlsauce\\predictioninterval\n  creating build\\lib.win-amd64-cpython-313\\mlsauce\\ridge\n  copying mlsauce\\ridge\\setup.py -> build\\lib.win-amd64-cpython-313\\mlsauce\\ridge\n  copying mlsauce\\ridge\\setup2.py -> build\\lib.win-amd64-cpython-313\\mlsauce\\ridge\n  copying mlsauce\\ridge\\utils_ridge.py -> build\\lib.win-amd64-cpython-313\\mlsauce\\ridge\n  copying mlsauce\\ridge\\_ridge.py -> build\\lib.win-amd64-cpython-313\\mlsauce\\ridge\n  copying mlsauce\\ridge\\__init__.py -> build\\lib.win-amd64-cpython-313\\mlsauce\\ridge\n  creating build\\lib.win-amd64-cpython-313\\mlsauce\\stump\n  copying mlsauce\\stump\\setup.py -> build\\lib.win-amd64-cpython-313\\mlsauce\\stump\n  copying mlsauce\\stump\\setup2.py -> build\\lib.win-amd64-cpython-313\\mlsauce\\stump\n  copying mlsauce\\stump\\utils_stump.py -> build\\lib.win-amd64-cpython-313\\mlsauce\\stump\n  copying mlsauce\\stump\\_stump_classifier.py -> build\\lib.win-amd64-cpython-313\\mlsauce\\stump\n  copying mlsauce\\stump\\__init__.py -> build\\lib.win-amd64-cpython-313\\mlsauce\\stump\n  creating build\\lib.win-amd64-cpython-313\\mlsauce\\utils\n  copying mlsauce\\utils\\get_beta.py -> build\\lib.win-amd64-cpython-313\\mlsauce\\utils\n  copying mlsauce\\utils\\progress_bar.py -> build\\lib.win-amd64-cpython-313\\mlsauce\\utils\n  copying mlsauce\\utils\\__init__.py -> build\\lib.win-amd64-cpython-313\\mlsauce\\utils\n  creating build\\lib.win-amd64-cpython-313\\mlsauce\\utils\\histofeatures\n  copying mlsauce\\utils\\histofeatures\\gethistofeatures.py -> build\\lib.win-amd64-cpython-313\\mlsauce\\utils\\histofeatures\n  copying mlsauce\\utils\\histofeatures\\__init__.py -> build\\lib.win-amd64-cpython-313\\mlsauce\\utils\\histofeatures\n  creating build\\lib.win-amd64-cpython-313\\mlsauce\\utils\\matrixops\n  copying mlsauce\\utils\\matrixops\\matrixops.py -> build\\lib.win-amd64-cpython-313\\mlsauce\\utils\\matrixops\n  copying mlsauce\\utils\\matrixops\\__init__.py -> build\\lib.win-amd64-cpython-313\\mlsauce\\utils\\matrixops\n  creating build\\lib.win-amd64-cpython-313\\mlsauce\\utils\\memoryuse\n  copying mlsauce\\utils\\memoryuse\\mem_usage.py -> build\\lib.win-amd64-cpython-313\\mlsauce\\utils\\memoryuse\n  copying mlsauce\\utils\\memoryuse\\__init__.py -> build\\lib.win-amd64-cpython-313\\mlsauce\\utils\\memoryuse\n  creating build\\lib.win-amd64-cpython-313\\mlsauce\\utils\\metrics\n  copying mlsauce\\utils\\metrics\\metrics.py -> build\\lib.win-amd64-cpython-313\\mlsauce\\utils\\metrics\n  copying mlsauce\\utils\\metrics\\__init__.py -> build\\lib.win-amd64-cpython-313\\mlsauce\\utils\\metrics\n  creating build\\lib.win-amd64-cpython-313\\mlsauce\\utils\\misc\n  copying mlsauce\\utils\\misc\\misc.py -> build\\lib.win-amd64-cpython-313\\mlsauce\\utils\\misc\n  copying mlsauce\\utils\\misc\\__init__.py -> build\\lib.win-amd64-cpython-313\\mlsauce\\utils\\misc\n  creating build\\lib.win-amd64-cpython-313\\mlsauce\\utils\\sampling\n  copying mlsauce\\utils\\sampling\\rowsubsampling.py -> build\\lib.win-amd64-cpython-313\\mlsauce\\utils\\sampling\n  copying mlsauce\\utils\\sampling\\__init__.py -> build\\lib.win-amd64-cpython-313\\mlsauce\\utils\\sampling\n  running egg_info\n  creating mlsauce.egg-info\n  writing mlsauce.egg-info\\PKG-INFO\n  writing dependency_links to mlsauce.egg-info\\dependency_links.txt\n  writing requirements to mlsauce.egg-info\\requires.txt\n  writing top-level names to mlsauce.egg-info\\top_level.txt\n  writing manifest file 'mlsauce.egg-info\\SOURCES.txt'\n  dependency C:\\Users\\RUNNER~1\\DOCUME~1\\VIRTUA~1\\R-RETI~1\\Lib\\site-packages\\numpy\\_core\\include\\numpy\\arrayobject.h won't be automatically included in the manifest: the path must be relative\n  dependency C:\\Users\\RUNNER~1\\DOCUME~1\\VIRTUA~1\\R-RETI~1\\Lib\\site-packages\\numpy\\_core\\include\\numpy\\arrayscalars.h won't be automatically included in the manifest: the path must be relative\n  dependency C:\\Users\\RUNNER~1\\DOCUME~1\\VIRTUA~1\\R-RETI~1\\Lib\\site-packages\\numpy\\_core\\include\\numpy\\ndarrayobject.h won't be automatically included in the manifest: the path must be relative\n  dependency C:\\Users\\RUNNER~1\\DOCUME~1\\VIRTUA~1\\R-RETI~1\\Lib\\site-packages\\numpy\\_core\\include\\numpy\\ndarraytypes.h won't be automatically included in the manifest: the path must be relative\n  dependency C:\\Users\\RUNNER~1\\DOCUME~1\\VIRTUA~1\\R-RETI~1\\Lib\\site-packages\\numpy\\_core\\include\\numpy\\ufuncobject.h won't be automatically included in the manifest: the path must be relative\n  dependency C:\\Users\\RUNNER~1\\DOCUME~1\\VIRTUA~1\\R-RETI~1\\Lib\\site-packages\\numpy\\_core\\include\\numpy\\arrayobject.h won't be automatically included in the manifest: the path must be relative\n  dependency C:\\Users\\RUNNER~1\\DOCUME~1\\VIRTUA~1\\R-RETI~1\\Lib\\site-packages\\numpy\\_core\\include\\numpy\\arrayscalars.h won't be automatically included in the manifest: the path must be relative\n  dependency C:\\Users\\RUNNER~1\\DOCUME~1\\VIRTUA~1\\R-RETI~1\\Lib\\site-packages\\numpy\\_core\\include\\numpy\\ndarrayobject.h won't be automatically included in the manifest: the path must be relative\n  dependency C:\\Users\\RUNNER~1\\DOCUME~1\\VIRTUA~1\\R-RETI~1\\Lib\\site-packages\\numpy\\_core\\include\\numpy\\ndarraytypes.h won't be automatically included in the manifest: the path must be relative\n  dependency C:\\Users\\RUNNER~1\\DOCUME~1\\VIRTUA~1\\R-RETI~1\\Lib\\site-packages\\numpy\\_core\\include\\numpy\\ufuncobject.h won't be automatically included in the manifest: the path must be relative\n  dependency C:\\Users\\RUNNER~1\\DOCUME~1\\VIRTUA~1\\R-RETI~1\\Lib\\site-packages\\numpy\\_core\\include\\numpy\\arrayobject.h won't be automatically included in the manifest: the path must be relative\n  dependency C:\\Users\\RUNNER~1\\DOCUME~1\\VIRTUA~1\\R-RETI~1\\Lib\\site-packages\\numpy\\_core\\include\\numpy\\arrayscalars.h won't be automatically included in the manifest: the path must be relative\n  dependency C:\\Users\\RUNNER~1\\DOCUME~1\\VIRTUA~1\\R-RETI~1\\Lib\\site-packages\\numpy\\_core\\include\\numpy\\ndarrayobject.h won't be automatically included in the manifest: the path must be relative\n  dependency C:\\Users\\RUNNER~1\\DOCUME~1\\VIRTUA~1\\R-RETI~1\\Lib\\site-packages\\numpy\\_core\\include\\numpy\\ndarraytypes.h won't be automatically included in the manifest: the path must be relative\n  dependency C:\\Users\\RUNNER~1\\DOCUME~1\\VIRTUA~1\\R-RETI~1\\Lib\\site-packages\\numpy\\_core\\include\\numpy\\ufuncobject.h won't be automatically included in the manifest: the path must be relative\n  dependency C:\\Users\\RUNNER~1\\DOCUME~1\\VIRTUA~1\\R-RETI~1\\Lib\\site-packages\\numpy\\_core\\include\\numpy\\arrayobject.h won't be automatically included in the manifest: the path must be relative\n  dependency C:\\Users\\RUNNER~1\\DOCUME~1\\VIRTUA~1\\R-RETI~1\\Lib\\site-packages\\numpy\\_core\\include\\numpy\\arrayscalars.h won't be automatically included in the manifest: the path must be relative\n  dependency C:\\Users\\RUNNER~1\\DOCUME~1\\VIRTUA~1\\R-RETI~1\\Lib\\site-packages\\numpy\\_core\\include\\numpy\\ndarrayobject.h won't be automatically included in the manifest: the path must be relative\n  dependency C:\\Users\\RUNNER~1\\DOCUME~1\\VIRTUA~1\\R-RETI~1\\Lib\\site-packages\\numpy\\_core\\include\\numpy\\ndarraytypes.h won't be automatically included in the manifest: the path must be relative\n  dependency C:\\Users\\RUNNER~1\\DOCUME~1\\VIRTUA~1\\R-RETI~1\\Lib\\site-packages\\numpy\\_core\\include\\numpy\\ufuncobject.h won't be automatically included in the manifest: the path must be relative\n  dependency C:\\Users\\RUNNER~1\\DOCUME~1\\VIRTUA~1\\R-RETI~1\\Lib\\site-packages\\numpy\\_core\\include\\numpy\\arrayobject.h won't be automatically included in the manifest: the path must be relative\n  dependency C:\\Users\\RUNNER~1\\DOCUME~1\\VIRTUA~1\\R-RETI~1\\Lib\\site-packages\\numpy\\_core\\include\\numpy\\arrayscalars.h won't be automatically included in the manifest: the path must be relative\n  dependency C:\\Users\\RUNNER~1\\DOCUME~1\\VIRTUA~1\\R-RETI~1\\Lib\\site-packages\\numpy\\_core\\include\\numpy\\ndarrayobject.h won't be automatically included in the manifest: the path must be relative\n  dependency C:\\Users\\RUNNER~1\\DOCUME~1\\VIRTUA~1\\R-RETI~1\\Lib\\site-packages\\numpy\\_core\\include\\numpy\\ndarraytypes.h won't be automatically included in the manifest: the path must be relative\n  dependency C:\\Users\\RUNNER~1\\DOCUME~1\\VIRTUA~1\\R-RETI~1\\Lib\\site-packages\\numpy\\_core\\include\\numpy\\ufuncobject.h won't be automatically included in the manifest: the path must be relative\n  reading manifest file 'mlsauce.egg-info\\SOURCES.txt'\n  adding license file 'LICENSE'\n  writing manifest file 'mlsauce.egg-info\\SOURCES.txt'\n  C:\\Users\\RUNNER~1\\DOCUME~1\\VIRTUA~1\\R-RETI~1\\Lib\\site-packages\\setuptools\\command\\build_py.py:212: _Warning: Package 'mlsauce.adaopt' is absent from the `packages` configuration.\n  !!\n\n          ********************************************************************************\n          ############################\n          # Package would be ignored #\n          ############################\n          Python recognizes 'mlsauce.adaopt' as an importable package[^1],\n          but it is absent from setuptools' `packages` configuration.\n\n          This leads to an ambiguous overall configuration. If you want to distribute this\n          package, please make sure that 'mlsauce.adaopt' is explicitly added\n          to the `packages` configuration field.\n\n          Alternatively, you can also rely on setuptools' discovery methods\n          (for example by using `find_namespace_packages(...)`/`find_namespace:`\n          instead of `find_packages(...)`/`find:`).\n\n          You can read more about \"package discovery\" on setuptools documentation page:\n\n          - https://setuptools.pypa.io/en/latest/userguide/package_discovery.html\n\n          If you don't want 'mlsauce.adaopt' to be distributed and are\n          already explicitly excluding 'mlsauce.adaopt' via\n          `find_namespace_packages(...)/find_namespace` or `find_packages(...)/find`,\n          you can try to use `exclude_package_data`, or `include-package-data=False` in\n          combination with a more fine grained `package-data` configuration.\n\n          You can read more about \"package data files\" on setuptools documentation page:\n\n          - https://setuptools.pypa.io/en/latest/userguide/datafiles.html\n\n\n          [^1]: For Python, any directory (with suitable naming) can be imported,\n                even if it does not contain any `.py` files.\n                On the other hand, currently there is no concept of package data\n                directory, all directories are treated like packages.\n          ********************************************************************************\n\n  !!\n    check.warn(importable)\n  C:\\Users\\RUNNER~1\\DOCUME~1\\VIRTUA~1\\R-RETI~1\\Lib\\site-packages\\setuptools\\command\\build_py.py:212: _Warning: Package 'mlsauce.booster' is absent from the `packages` configuration.\n  !!\n\n          ********************************************************************************\n          ############################\n          # Package would be ignored #\n          ############################\n          Python recognizes 'mlsauce.booster' as an importable package[^1],\n          but it is absent from setuptools' `packages` configuration.\n\n          This leads to an ambiguous overall configuration. If you want to distribute this\n          package, please make sure that 'mlsauce.booster' is explicitly added\n          to the `packages` configuration field.\n\n          Alternatively, you can also rely on setuptools' discovery methods\n          (for example by using `find_namespace_packages(...)`/`find_namespace:`\n          instead of `find_packages(...)`/`find:`).\n\n          You can read more about \"package discovery\" on setuptools documentation page:\n\n          - https://setuptools.pypa.io/en/latest/userguide/package_discovery.html\n\n          If you don't want 'mlsauce.booster' to be distributed and are\n          already explicitly excluding 'mlsauce.booster' via\n          `find_namespace_packages(...)/find_namespace` or `find_packages(...)/find`,\n          you can try to use `exclude_package_data`, or `include-package-data=False` in\n          combination with a more fine grained `package-data` configuration.\n\n          You can read more about \"package data files\" on setuptools documentation page:\n\n          - https://setuptools.pypa.io/en/latest/userguide/datafiles.html\n\n\n          [^1]: For Python, any directory (with suitable naming) can be imported,\n                even if it does not contain any `.py` files.\n                On the other hand, currently there is no concept of package data\n                directory, all directories are treated like packages.\n          ********************************************************************************\n\n  !!\n    check.warn(importable)\n  C:\\Users\\RUNNER~1\\DOCUME~1\\VIRTUA~1\\R-RETI~1\\Lib\\site-packages\\setuptools\\command\\build_py.py:212: _Warning: Package 'mlsauce.lasso' is absent from the `packages` configuration.\n  !!\n\n          ********************************************************************************\n          ############################\n          # Package would be ignored #\n          ############################\n          Python recognizes 'mlsauce.lasso' as an importable package[^1],\n          but it is absent from setuptools' `packages` configuration.\n\n          This leads to an ambiguous overall configuration. If you want to distribute this\n          package, please make sure that 'mlsauce.lasso' is explicitly added\n          to the `packages` configuration field.\n\n          Alternatively, you can also rely on setuptools' discovery methods\n          (for example by using `find_namespace_packages(...)`/`find_namespace:`\n          instead of `find_packages(...)`/`find:`).\n\n          You can read more about \"package discovery\" on setuptools documentation page:\n\n          - https://setuptools.pypa.io/en/latest/userguide/package_discovery.html\n\n          If you don't want 'mlsauce.lasso' to be distributed and are\n          already explicitly excluding 'mlsauce.lasso' via\n          `find_namespace_packages(...)/find_namespace` or `find_packages(...)/find`,\n          you can try to use `exclude_package_data`, or `include-package-data=False` in\n          combination with a more fine grained `package-data` configuration.\n\n          You can read more about \"package data files\" on setuptools documentation page:\n\n          - https://setuptools.pypa.io/en/latest/userguide/datafiles.html\n\n\n          [^1]: For Python, any directory (with suitable naming) can be imported,\n                even if it does not contain any `.py` files.\n                On the other hand, currently there is no concept of package data\n                directory, all directories are treated like packages.\n          ********************************************************************************\n\n  !!\n    check.warn(importable)\n  C:\\Users\\RUNNER~1\\DOCUME~1\\VIRTUA~1\\R-RETI~1\\Lib\\site-packages\\setuptools\\command\\build_py.py:212: _Warning: Package 'mlsauce.ridge' is absent from the `packages` configuration.\n  !!\n\n          ********************************************************************************\n          ############################\n          # Package would be ignored #\n          ############################\n          Python recognizes 'mlsauce.ridge' as an importable package[^1],\n          but it is absent from setuptools' `packages` configuration.\n\n          This leads to an ambiguous overall configuration. If you want to distribute this\n          package, please make sure that 'mlsauce.ridge' is explicitly added\n          to the `packages` configuration field.\n\n          Alternatively, you can also rely on setuptools' discovery methods\n          (for example by using `find_namespace_packages(...)`/`find_namespace:`\n          instead of `find_packages(...)`/`find:`).\n\n          You can read more about \"package discovery\" on setuptools documentation page:\n\n          - https://setuptools.pypa.io/en/latest/userguide/package_discovery.html\n\n          If you don't want 'mlsauce.ridge' to be distributed and are\n          already explicitly excluding 'mlsauce.ridge' via\n          `find_namespace_packages(...)/find_namespace` or `find_packages(...)/find`,\n          you can try to use `exclude_package_data`, or `include-package-data=False` in\n          combination with a more fine grained `package-data` configuration.\n\n          You can read more about \"package data files\" on setuptools documentation page:\n\n          - https://setuptools.pypa.io/en/latest/userguide/datafiles.html\n\n\n          [^1]: For Python, any directory (with suitable naming) can be imported,\n                even if it does not contain any `.py` files.\n                On the other hand, currently there is no concept of package data\n                directory, all directories are treated like packages.\n          ********************************************************************************\n\n  !!\n    check.warn(importable)\n  C:\\Users\\RUNNER~1\\DOCUME~1\\VIRTUA~1\\R-RETI~1\\Lib\\site-packages\\setuptools\\command\\build_py.py:212: _Warning: Package 'mlsauce.stump' is absent from the `packages` configuration.\n  !!\n\n          ********************************************************************************\n          ############################\n          # Package would be ignored #\n          ############################\n          Python recognizes 'mlsauce.stump' as an importable package[^1],\n          but it is absent from setuptools' `packages` configuration.\n\n          This leads to an ambiguous overall configuration. If you want to distribute this\n          package, please make sure that 'mlsauce.stump' is explicitly added\n          to the `packages` configuration field.\n\n          Alternatively, you can also rely on setuptools' discovery methods\n          (for example by using `find_namespace_packages(...)`/`find_namespace:`\n          instead of `find_packages(...)`/`find:`).\n\n          You can read more about \"package discovery\" on setuptools documentation page:\n\n          - https://setuptools.pypa.io/en/latest/userguide/package_discovery.html\n\n          If you don't want 'mlsauce.stump' to be distributed and are\n          already explicitly excluding 'mlsauce.stump' via\n          `find_namespace_packages(...)/find_namespace` or `find_packages(...)/find`,\n          you can try to use `exclude_package_data`, or `include-package-data=False` in\n          combination with a more fine grained `package-data` configuration.\n\n          You can read more about \"package data files\" on setuptools documentation page:\n\n          - https://setuptools.pypa.io/en/latest/userguide/datafiles.html\n\n\n          [^1]: For Python, any directory (with suitable naming) can be imported,\n                even if it does not contain any `.py` files.\n                On the other hand, currently there is no concept of package data\n                directory, all directories are treated like packages.\n          ********************************************************************************\n\n  !!\n    check.warn(importable)\n  copying mlsauce\\adaopt\\_adaoptc.c -> build\\lib.win-amd64-cpython-313\\mlsauce\\adaopt\n  copying mlsauce\\booster\\_boosterc.c -> build\\lib.win-amd64-cpython-313\\mlsauce\\booster\n  copying mlsauce\\lasso\\_lassoc.c -> build\\lib.win-amd64-cpython-313\\mlsauce\\lasso\n  copying mlsauce\\ridge\\_ridgec.c -> build\\lib.win-amd64-cpython-313\\mlsauce\\ridge\n  copying mlsauce\\stump\\_stumpc.c -> build\\lib.win-amd64-cpython-313\\mlsauce\\stump\n  running build_ext\n  building 'mlsauce.adaopt._adaoptc' extension\n  creating build\\temp.win-amd64-cpython-313\\Release\\mlsauce\\adaopt\n  \"C:\\Program Files\\Microsoft Visual Studio\\2022\\Enterprise\\VC\\Tools\\MSVC\\14.42.34433\\bin\\HostX86\\x64\\cl.exe\" /c /nologo /O2 /W3 /GL /DNDEBUG /MD -IC:\\Users\\RUNNER~1\\DOCUME~1\\VIRTUA~1\\R-RETI~1\\Lib\\site-packages\\numpy\\_core\\include -IC:\\Users\\RUNNER~1\\DOCUME~1\\VIRTUA~1\\R-RETI~1\\include -IC:\\HOSTED~1\\windows\\Python\\313~1.2\\x64\\include -IC:\\HOSTED~1\\windows\\Python\\313~1.2\\x64\\Include \"-IC:\\Program Files\\Microsoft Visual Studio\\2022\\Enterprise\\VC\\Tools\\MSVC\\14.42.34433\\include\" \"-IC:\\Program Files\\Microsoft Visual Studio\\2022\\Enterprise\\VC\\Tools\\MSVC\\14.42.34433\\ATLMFC\\include\" \"-IC:\\Program Files\\Microsoft Visual Studio\\2022\\Enterprise\\VC\\Auxiliary\\VS\\include\" \"-IC:\\Program Files (x86)\\Windows Kits\\10\\include\\10.0.26100.0\\ucrt\" \"-IC:\\Program Files (x86)\\Windows Kits\\10\\\\include\\10.0.26100.0\\\\um\" \"-IC:\\Program Files (x86)\\Windows Kits\\10\\\\include\\10.0.26100.0\\\\shared\" \"-IC:\\Program Files (x86)\\Windows Kits\\10\\\\include\\10.0.26100.0\\\\winrt\" \"-IC:\\Program Files (x86)\\Windows Kits\\10\\\\include\\10.0.26100.0\\\\cppwinrt\" \"-IC:\\Program Files (x86)\\Windows Kits\\NETFXSDK\\4.8\\include\\um\" /Tcmlsauce/adaopt/_adaoptc.c /Fobuild\\temp.win-amd64-cpython-313\\Release\\mlsauce\\adaopt\\_adaoptc.obj\n  _adaoptc.c\n  C:\\Users\\runneradmin\\Documents\\.virtualenvs\\r-reticulate\\Lib\\site-packages\\numpy\\_core\\include\\numpy\\npy_1_7_deprecated_api.h(14) : Warning Msg: Using deprecated NumPy API, disable it with #define NPY_NO_DEPRECATED_API NPY_1_7_API_VERSION\n  mlsauce/adaopt/_adaoptc.c(21463): warning C4244: '=': conversion from 'Py_ssize_t' to 'long', possible loss of data\n  mlsauce/adaopt/_adaoptc.c(23422): warning C4244: '=': conversion from 'Py_ssize_t' to 'long', possible loss of data\n  mlsauce/adaopt/_adaoptc.c(24272): warning C4244: '=': conversion from 'Py_ssize_t' to 'long', possible loss of data\n  mlsauce/adaopt/_adaoptc.c(24281): warning C4244: '=': conversion from 'Py_ssize_t' to 'long', possible loss of data\n  mlsauce/adaopt/_adaoptc.c(24620): warning C4244: '=': conversion from 'Py_ssize_t' to 'long', possible loss of data\n  mlsauce/adaopt/_adaoptc.c(24629): warning C4244: '=': conversion from 'Py_ssize_t' to 'long', possible loss of data\n  mlsauce/adaopt/_adaoptc.c(24968): warning C4244: '=': conversion from 'Py_ssize_t' to 'long', possible loss of data\n  mlsauce/adaopt/_adaoptc.c(24977): warning C4244: '=': conversion from 'Py_ssize_t' to 'long', possible loss of data\n  mlsauce/adaopt/_adaoptc.c(29673): warning C4244: '=': conversion from 'Py_ssize_t' to 'int', possible loss of data\n  mlsauce/adaopt/_adaoptc.c(30034): warning C4244: '=': conversion from 'Py_ssize_t' to 'long', possible loss of data\n  mlsauce/adaopt/_adaoptc.c(30043): warning C4244: '=': conversion from 'Py_ssize_t' to 'int', possible loss of data\n  mlsauce/adaopt/_adaoptc.c(32989): warning C4244: '=': conversion from 'Py_ssize_t' to 'int', possible loss of data\n  mlsauce/adaopt/_adaoptc.c(42972): warning C4244: '=': conversion from 'Py_ssize_t' to 'long', possible loss of data\n  warning: I don't know what to do with 'runtime_library_dirs': ['mlsauce/adaopt/']\n  error: don't know how to set runtime library search path for MSVC\n  error: subprocess-exited-with-error\n  \n  python setup.py bdist_wheel did not run successfully.\n  exit code: 1\n  \n  See above for output.\n  \n  note: This error originates from a subprocess, and is likely not a problem with pip.\n  full command: 'C:\\Users\\RUNNER~1\\DOCUME~1\\VIRTUA~1\\R-RETI~1\\Scripts\\python.exe' -u -c '\n  exec(compile('\"'\"''\"'\"''\"'\"'\n  # This is <pip-setuptools-caller> -- a caller that pip uses to run setup.py\n  #\n  # - It imports setuptools before invoking setup.py, to enable projects that directly\n  #   import from `distutils.core` to work with newer packaging standards.\n  # - It provides a clear error message when setuptools is not installed.\n  # - It sets `sys.argv[0]` to the underlying `setup.py`, when invoking `setup.py` so\n  #   setuptools doesn'\"'\"'t think the script is `-c`. This avoids the following warning:\n  #     manifest_maker: standard file '\"'\"'-c'\"'\"' not found\".\n  # - It generates a shim setup.py, for handling setup.cfg-only projects.\n  import os, sys, tokenize\n  \n  try:\n      import setuptools\n  except ImportError as error:\n      print(\n          \"ERROR: Can not execute `setup.py` since setuptools is not available in \"\n          \"the build environment.\",\n          file=sys.stderr,\n      )\n      sys.exit(1)\n  \n  __file__ = %r\n  sys.argv[0] = __file__\n  \n  if os.path.exists(__file__):\n      filename = __file__\n      with tokenize.open(__file__) as f:\n          setup_py_code = f.read()\n  else:\n      filename = \"<auto-generated setuptools caller>\"\n      setup_py_code = \"from setuptools import setup; setup()\"\n  \n  exec(compile(setup_py_code, filename, \"exec\"))\n  '\"'\"''\"'\"''\"'\"' % ('\"'\"'C:\\\\Users\\\\runneradmin\\\\AppData\\\\Local\\\\Temp\\\\pip-req-build-af_m7417\\\\setup.py'\"'\"',), \"<pip-setuptools-caller>\", \"exec\"))' bdist_wheel -d 'C:\\Users\\runneradmin\\AppData\\Local\\Temp\\pip-wheel-rll2qfx5'\n  cwd: C:\\Users\\runneradmin\\AppData\\Local\\Temp\\pip-req-build-af_m7417\\\\\n  Building wheel for mlsauce (setup.py): finished with status 'error'\n  ERROR: Failed building wheel for mlsauce\n  Running setup.py clean for mlsauce\n  Running command python setup.py clean\n  Requirement already satisfied: numpy in c:\\hostedtoolcache\\windows\\python\\3.9.13\\x64\\lib\\site-packages (2.0.2)\n  Requirement already satisfied: scipy in c:\\hostedtoolcache\\windows\\python\\3.9.13\\x64\\lib\\site-packages (1.13.1)\n  Requirement already satisfied: numpy<2.3,>=1.22.4 in c:\\hostedtoolcache\\windows\\python\\3.9.13\\x64\\lib\\site-packages (from scipy) (2.0.2)\n  Requirement already satisfied: requests in c:\\hostedtoolcache\\windows\\python\\3.9.13\\x64\\lib\\site-packages (2.32.3)\n  Requirement already satisfied: charset-normalizer<4,>=2 in c:\\hostedtoolcache\\windows\\python\\3.9.13\\x64\\lib\\site-packages (from requests) (3.4.1)\n  Requirement already satisfied: idna<4,>=2.5 in c:\\hostedtoolcache\\windows\\python\\3.9.13\\x64\\lib\\site-packages (from requests) (3.10)\n  Requirement already satisfied: urllib3<3,>=1.21.1 in c:\\hostedtoolcache\\windows\\python\\3.9.13\\x64\\lib\\site-packages (from requests) (2.3.0)\n  Requirement already satisfied: certifi>=2017.4.17 in c:\\hostedtoolcache\\windows\\python\\3.9.13\\x64\\lib\\site-packages (from requests) (2025.1.31)\n  Requirement already satisfied: Cython in c:\\hostedtoolcache\\windows\\python\\3.9.13\\x64\\lib\\site-packages (3.0.12)\n  C:\\Users\\RUNNER~1\\DOCUME~1\\VIRTUA~1\\R-RETI~1\\Lib\\site-packages\\setuptools\\__init__.py:94: _DeprecatedInstaller: setuptools.installer and fetch_build_eggs are deprecated.\n  !!\n\n          ********************************************************************************\n          Requirements should be satisfied by a PEP 517 installer.\n          If you are using pip, you can try `pip install --use-pep517`.\n          ********************************************************************************\n\n  !!\n    dist.fetch_build_eggs(dist.setup_requires)\n  running clean\n  removing 'build\\temp.win-amd64-cpython-313' (and everything under it)\n  removing 'build\\lib.win-amd64-cpython-313' (and everything under it)\n  'build\\bdist.win-amd64' does not exist -- can't clean it\n  'build\\scripts-3.13' does not exist -- can't clean it\n  removing 'build'\n  Traceback (most recent call last):\n    File \"C:\\Users\\runneradmin\\AppData\\Local\\Temp\\pip-req-build-af_m7417\\mlsauce\\adaopt\\setup2.py\", line 2, in <module>\n      from setuptools import setup\n  ModuleNotFoundError: No module named 'setuptools'\n  Traceback (most recent call last):\n    File \"C:\\Users\\runneradmin\\AppData\\Local\\Temp\\pip-req-build-af_m7417\\mlsauce\\booster\\setup2.py\", line 2, in <module>\n      from distutils.core import setup\n  ModuleNotFoundError: No module named 'distutils'\n  python3: can't open file 'C:\\\\Users\\\\runneradmin\\\\AppData\\\\Local\\\\Temp\\\\pip-req-build-af_m7417\\\\mlsauce\\\\elasticnet\\\\setup2.py': [Errno 2] No such file or directory\n  Traceback (most recent call last):\n    File \"C:\\Users\\runneradmin\\AppData\\Local\\Temp\\pip-req-build-af_m7417\\mlsauce\\lasso\\setup2.py\", line 2, in <module>\n      from setuptools import setup\n  ModuleNotFoundError: No module named 'setuptools'\n  Traceback (most recent call last):\n    File \"C:\\Users\\runneradmin\\AppData\\Local\\Temp\\pip-req-build-af_m7417\\mlsauce\\ridge\\setup2.py\", line 2, in <module>\n      from setuptools import setup\n  ModuleNotFoundError: No module named 'setuptools'\n  Traceback (most recent call last):\n    File \"C:\\Users\\runneradmin\\AppData\\Local\\Temp\\pip-req-build-af_m7417\\mlsauce\\stump\\setup2.py\", line 2, in <module>\n      from setuptools import setup\n  ModuleNotFoundError: No module named 'setuptools'\nFailed to build mlsauce\nERROR: Failed to build installable wheels for some pyproject.toml based projects (mlsauce)\nError: package or namespace load failed for 'mlsauce':\n .onLoad failed in loadNamespace() for 'mlsauce', details:\n  call: NULL\n  error: Error installing package(s): \"\\\"git+https://github.com/Techtonique/mlsauce.git\\\"\"\nError: loading failed\nExecution halted\nERROR: loading failed\n* removing 'D:/a/_temp/Library/mlsauce'",
      "build_time": "2025-02-20 01:15:19"
    },
    "nnetsauce": {
      "package": "nnetsauce",
      "status": "SUCCESS",
      "error_message": {},
      "build_output": "* installing to library 'D:/a/_temp/Library'\n* installing *source* package 'nnetsauce' ...\n** using staged installation\n** R\n** byte-compile and prepare package for lazy loading\n** help\n*** installing help indices\n** building package indices\n** testing if installed package can be loaded from temporary location\nInstalling package into 'D:/a/_temp/Library/00LOCK-nnetsauce/00new'\n(as 'lib' is unspecified)\ntrying URL 'https://cloud.r-project.org/bin/windows/contrib/4.4/reticulate_1.40.0.zip'\nContent type 'application/zip' length 2204646 bytes (2.1 MB)\n==================================================\ndownloaded 2.1 MB\n\npackage 'reticulate' successfully unpacked and MD5 sums checked\n\nThe downloaded binary packages are in\n\tC:\\Users\\runneradmin\\AppData\\Local\\Temp\\Rtmpy0hpmP\\downloaded_packages\nUsing virtual environment \"C:/Users/runneradmin/Documents/.virtualenvs/r-reticulate\" ...\n+ \"C:/Users/runneradmin/Documents/.virtualenvs/r-reticulate/Scripts/python.exe\" -m pip install --upgrade --no-user --ignore-installed --upgrade scikit-learn\nCollecting scikit-learn\n  Using cached scikit_learn-1.6.1-cp313-cp313-win_amd64.whl.metadata (15 kB)\nCollecting numpy>=1.19.5 (from scikit-learn)\n  Using cached numpy-2.2.3-cp313-cp313-win_amd64.whl.metadata (60 kB)\nCollecting scipy>=1.6.0 (from scikit-learn)\n  Using cached scipy-1.15.2-cp313-cp313-win_amd64.whl.metadata (60 kB)\nCollecting joblib>=1.2.0 (from scikit-learn)\n  Using cached joblib-1.4.2-py3-none-any.whl.metadata (5.4 kB)\nCollecting threadpoolctl>=3.1.0 (from scikit-learn)\n  Using cached threadpoolctl-3.5.0-py3-none-any.whl.metadata (13 kB)\nUsing cached scikit_learn-1.6.1-cp313-cp313-win_amd64.whl (11.1 MB)\nUsing cached joblib-1.4.2-py3-none-any.whl (301 kB)\nUsing cached numpy-2.2.3-cp313-cp313-win_amd64.whl (12.6 MB)\nUsing cached scipy-1.15.2-cp313-cp313-win_amd64.whl (41.0 MB)\nUsing cached threadpoolctl-3.5.0-py3-none-any.whl (18 kB)\nInstalling collected packages: threadpoolctl, numpy, joblib, scipy, scikit-learn\nSuccessfully installed joblib-1.4.2 numpy-2.2.3 scikit-learn-1.6.1 scipy-1.15.2 threadpoolctl-3.5.0\nUsing virtual environment \"C:/Users/runneradmin/Documents/.virtualenvs/r-reticulate\" ...\n+ \"C:/Users/runneradmin/Documents/.virtualenvs/r-reticulate/Scripts/python.exe\" -m pip install --upgrade --no-user --ignore-installed --upgrade nnetsauce\nCollecting nnetsauce\n  Using cached nnetsauce-0.30.4-py3-none-any.whl.metadata (978 bytes)\nCollecting joblib (from nnetsauce)\n  Using cached joblib-1.4.2-py3-none-any.whl.metadata (5.4 kB)\nCollecting matplotlib (from nnetsauce)\n  Using cached matplotlib-3.10.0-cp313-cp313-win_amd64.whl.metadata (11 kB)\nCollecting numpy (from nnetsauce)\n  Using cached numpy-2.2.3-cp313-cp313-win_amd64.whl.metadata (60 kB)\nCollecting pandas (from nnetsauce)\n  Using cached pandas-2.2.3-cp313-cp313-win_amd64.whl.metadata (19 kB)\nCollecting requests (from nnetsauce)\n  Using cached requests-2.32.3-py3-none-any.whl.metadata (4.6 kB)\nCollecting scipy (from nnetsauce)\n  Using cached scipy-1.15.2-cp313-cp313-win_amd64.whl.metadata (60 kB)\nCollecting scikit-learn (from nnetsauce)\n  Using cached scikit_learn-1.6.1-cp313-cp313-win_amd64.whl.metadata (15 kB)\nCollecting statsmodels (from nnetsauce)\n  Using cached statsmodels-0.14.4-cp313-cp313-win_amd64.whl.metadata (9.5 kB)\nCollecting threadpoolctl (from nnetsauce)\n  Using cached threadpoolctl-3.5.0-py3-none-any.whl.metadata (13 kB)\nCollecting tqdm (from nnetsauce)\n  Using cached tqdm-4.67.1-py3-none-any.whl.metadata (57 kB)\nCollecting contourpy>=1.0.1 (from matplotlib->nnetsauce)\n  Using cached contourpy-1.3.1-cp313-cp313-win_amd64.whl.metadata (5.4 kB)\nCollecting cycler>=0.10 (from matplotlib->nnetsauce)\n  Using cached cycler-0.12.1-py3-none-any.whl.metadata (3.8 kB)\nCollecting fonttools>=4.22.0 (from matplotlib->nnetsauce)\n  Using cached fonttools-4.56.0-cp313-cp313-win_amd64.whl.metadata (103 kB)\nCollecting kiwisolver>=1.3.1 (from matplotlib->nnetsauce)\n  Using cached kiwisolver-1.4.8-cp313-cp313-win_amd64.whl.metadata (6.3 kB)\nCollecting packaging>=20.0 (from matplotlib->nnetsauce)\n  Using cached packaging-24.2-py3-none-any.whl.metadata (3.2 kB)\nCollecting pillow>=8 (from matplotlib->nnetsauce)\n  Using cached pillow-11.1.0-cp313-cp313-win_amd64.whl.metadata (9.3 kB)\nCollecting pyparsing>=2.3.1 (from matplotlib->nnetsauce)\n  Using cached pyparsing-3.2.1-py3-none-any.whl.metadata (5.0 kB)\nCollecting python-dateutil>=2.7 (from matplotlib->nnetsauce)\n  Using cached python_dateutil-2.9.0.post0-py2.py3-none-any.whl.metadata (8.4 kB)\nCollecting pytz>=2020.1 (from pandas->nnetsauce)\n  Using cached pytz-2025.1-py2.py3-none-any.whl.metadata (22 kB)\nCollecting tzdata>=2022.7 (from pandas->nnetsauce)\n  Using cached tzdata-2025.1-py2.py3-none-any.whl.metadata (1.4 kB)\nCollecting charset-normalizer<4,>=2 (from requests->nnetsauce)\n  Using cached charset_normalizer-3.4.1-cp313-cp313-win_amd64.whl.metadata (36 kB)\nCollecting idna<4,>=2.5 (from requests->nnetsauce)\n  Using cached idna-3.10-py3-none-any.whl.metadata (10 kB)\nCollecting urllib3<3,>=1.21.1 (from requests->nnetsauce)\n  Using cached urllib3-2.3.0-py3-none-any.whl.metadata (6.5 kB)\nCollecting certifi>=2017.4.17 (from requests->nnetsauce)\n  Using cached certifi-2025.1.31-py3-none-any.whl.metadata (2.5 kB)\nCollecting patsy>=0.5.6 (from statsmodels->nnetsauce)\n  Using cached patsy-1.0.1-py2.py3-none-any.whl.metadata (3.3 kB)\nCollecting colorama (from tqdm->nnetsauce)\n  Using cached colorama-0.4.6-py2.py3-none-any.whl.metadata (17 kB)\nCollecting six>=1.5 (from python-dateutil>=2.7->matplotlib->nnetsauce)\n  Using cached six-1.17.0-py2.py3-none-any.whl.metadata (1.7 kB)\nUsing cached nnetsauce-0.30.4-py3-none-any.whl (189 kB)\nUsing cached joblib-1.4.2-py3-none-any.whl (301 kB)\nUsing cached matplotlib-3.10.0-cp313-cp313-win_amd64.whl (8.0 MB)\nUsing cached numpy-2.2.3-cp313-cp313-win_amd64.whl (12.6 MB)\nUsing cached pandas-2.2.3-cp313-cp313-win_amd64.whl (11.5 MB)\nUsing cached requests-2.32.3-py3-none-any.whl (64 kB)\nUsing cached scikit_learn-1.6.1-cp313-cp313-win_amd64.whl (11.1 MB)\nUsing cached scipy-1.15.2-cp313-cp313-win_amd64.whl (41.0 MB)\nUsing cached threadpoolctl-3.5.0-py3-none-any.whl (18 kB)\nUsing cached statsmodels-0.14.4-cp313-cp313-win_amd64.whl (9.8 MB)\nUsing cached tqdm-4.67.1-py3-none-any.whl (78 kB)\nUsing cached certifi-2025.1.31-py3-none-any.whl (166 kB)\nUsing cached charset_normalizer-3.4.1-cp313-cp313-win_amd64.whl (102 kB)\nUsing cached contourpy-1.3.1-cp313-cp313-win_amd64.whl (220 kB)\nUsing cached cycler-0.12.1-py3-none-any.whl (8.3 kB)\nUsing cached fonttools-4.56.0-cp313-cp313-win_amd64.whl (2.2 MB)\nUsing cached idna-3.10-py3-none-any.whl (70 kB)\nUsing cached kiwisolver-1.4.8-cp313-cp313-win_amd64.whl (71 kB)\nUsing cached packaging-24.2-py3-none-any.whl (65 kB)\nUsing cached patsy-1.0.1-py2.py3-none-any.whl (232 kB)\nUsing cached pillow-11.1.0-cp313-cp313-win_amd64.whl (2.6 MB)\nUsing cached pyparsing-3.2.1-py3-none-any.whl (107 kB)\nUsing cached python_dateutil-2.9.0.post0-py2.py3-none-any.whl (229 kB)\nUsing cached pytz-2025.1-py2.py3-none-any.whl (507 kB)\nUsing cached tzdata-2025.1-py2.py3-none-any.whl (346 kB)\nUsing cached urllib3-2.3.0-py3-none-any.whl (128 kB)\nUsing cached colorama-0.4.6-py2.py3-none-any.whl (25 kB)\nUsing cached six-1.17.0-py2.py3-none-any.whl (11 kB)\nInstalling collected packages: pytz, urllib3, tzdata, threadpoolctl, six, pyparsing, pillow, packaging, numpy, kiwisolver, joblib, idna, fonttools, cycler, colorama, charset-normalizer, certifi, tqdm, scipy, requests, python-dateutil, patsy, contourpy, scikit-learn, pandas, matplotlib, statsmodels, nnetsauce\nSuccessfully installed certifi-2025.1.31 charset-normalizer-3.4.1 colorama-0.4.6 contourpy-1.3.1 cycler-0.12.1 fonttools-4.56.0 idna-3.10 joblib-1.4.2 kiwisolver-1.4.8 matplotlib-3.10.0 nnetsauce-0.30.4 numpy-2.2.3 packaging-24.2 pandas-2.2.3 patsy-1.0.1 pillow-11.1.0 pyparsing-3.2.1 python-dateutil-2.9.0.post0 pytz-2025.1 requests-2.32.3 scikit-learn-1.6.1 scipy-1.15.2 six-1.17.0 statsmodels-0.14.4 threadpoolctl-3.5.0 tqdm-4.67.1 tzdata-2025.1 urllib3-2.3.0\n** testing if installed package can be loaded from final location\nInstalling package into 'D:/a/_temp/Library'\n(as 'lib' is unspecified)\ntrying URL 'https://cloud.r-project.org/bin/windows/contrib/4.4/reticulate_1.40.0.zip'\nContent type 'application/zip' length 2204646 bytes (2.1 MB)\n==================================================\ndownloaded 2.1 MB\n\npackage 'reticulate' successfully unpacked and MD5 sums checked\n\nThe downloaded binary packages are in\n\tC:\\Users\\runneradmin\\AppData\\Local\\Temp\\RtmpUdVt48\\downloaded_packages\nUsing virtual environment \"C:/Users/runneradmin/Documents/.virtualenvs/r-reticulate\" ...\n+ \"C:/Users/runneradmin/Documents/.virtualenvs/r-reticulate/Scripts/python.exe\" -m pip install --upgrade --no-user --ignore-installed --upgrade scikit-learn\nCollecting scikit-learn\n  Using cached scikit_learn-1.6.1-cp313-cp313-win_amd64.whl.metadata (15 kB)\nCollecting numpy>=1.19.5 (from scikit-learn)\n  Using cached numpy-2.2.3-cp313-cp313-win_amd64.whl.metadata (60 kB)\nCollecting scipy>=1.6.0 (from scikit-learn)\n  Using cached scipy-1.15.2-cp313-cp313-win_amd64.whl.metadata (60 kB)\nCollecting joblib>=1.2.0 (from scikit-learn)\n  Using cached joblib-1.4.2-py3-none-any.whl.metadata (5.4 kB)\nCollecting threadpoolctl>=3.1.0 (from scikit-learn)\n  Using cached threadpoolctl-3.5.0-py3-none-any.whl.metadata (13 kB)\nUsing cached scikit_learn-1.6.1-cp313-cp313-win_amd64.whl (11.1 MB)\nUsing cached joblib-1.4.2-py3-none-any.whl (301 kB)\nUsing cached numpy-2.2.3-cp313-cp313-win_amd64.whl (12.6 MB)\nUsing cached scipy-1.15.2-cp313-cp313-win_amd64.whl (41.0 MB)\nUsing cached threadpoolctl-3.5.0-py3-none-any.whl (18 kB)\nInstalling collected packages: threadpoolctl, numpy, joblib, scipy, scikit-learn\nSuccessfully installed joblib-1.4.2 numpy-2.2.3 scikit-learn-1.6.1 scipy-1.15.2 threadpoolctl-3.5.0\nUsing virtual environment \"C:/Users/runneradmin/Documents/.virtualenvs/r-reticulate\" ...\n+ \"C:/Users/runneradmin/Documents/.virtualenvs/r-reticulate/Scripts/python.exe\" -m pip install --upgrade --no-user --ignore-installed --upgrade nnetsauce\nCollecting nnetsauce\n  Using cached nnetsauce-0.30.4-py3-none-any.whl.metadata (978 bytes)\nCollecting joblib (from nnetsauce)\n  Using cached joblib-1.4.2-py3-none-any.whl.metadata (5.4 kB)\nCollecting matplotlib (from nnetsauce)\n  Using cached matplotlib-3.10.0-cp313-cp313-win_amd64.whl.metadata (11 kB)\nCollecting numpy (from nnetsauce)\n  Using cached numpy-2.2.3-cp313-cp313-win_amd64.whl.metadata (60 kB)\nCollecting pandas (from nnetsauce)\n  Using cached pandas-2.2.3-cp313-cp313-win_amd64.whl.metadata (19 kB)\nCollecting requests (from nnetsauce)\n  Using cached requests-2.32.3-py3-none-any.whl.metadata (4.6 kB)\nCollecting scipy (from nnetsauce)\n  Using cached scipy-1.15.2-cp313-cp313-win_amd64.whl.metadata (60 kB)\nCollecting scikit-learn (from nnetsauce)\n  Using cached scikit_learn-1.6.1-cp313-cp313-win_amd64.whl.metadata (15 kB)\nCollecting statsmodels (from nnetsauce)\n  Using cached statsmodels-0.14.4-cp313-cp313-win_amd64.whl.metadata (9.5 kB)\nCollecting threadpoolctl (from nnetsauce)\n  Using cached threadpoolctl-3.5.0-py3-none-any.whl.metadata (13 kB)\nCollecting tqdm (from nnetsauce)\n  Using cached tqdm-4.67.1-py3-none-any.whl.metadata (57 kB)\nCollecting contourpy>=1.0.1 (from matplotlib->nnetsauce)\n  Using cached contourpy-1.3.1-cp313-cp313-win_amd64.whl.metadata (5.4 kB)\nCollecting cycler>=0.10 (from matplotlib->nnetsauce)\n  Using cached cycler-0.12.1-py3-none-any.whl.metadata (3.8 kB)\nCollecting fonttools>=4.22.0 (from matplotlib->nnetsauce)\n  Using cached fonttools-4.56.0-cp313-cp313-win_amd64.whl.metadata (103 kB)\nCollecting kiwisolver>=1.3.1 (from matplotlib->nnetsauce)\n  Using cached kiwisolver-1.4.8-cp313-cp313-win_amd64.whl.metadata (6.3 kB)\nCollecting packaging>=20.0 (from matplotlib->nnetsauce)\n  Using cached packaging-24.2-py3-none-any.whl.metadata (3.2 kB)\nCollecting pillow>=8 (from matplotlib->nnetsauce)\n  Using cached pillow-11.1.0-cp313-cp313-win_amd64.whl.metadata (9.3 kB)\nCollecting pyparsing>=2.3.1 (from matplotlib->nnetsauce)\n  Using cached pyparsing-3.2.1-py3-none-any.whl.metadata (5.0 kB)\nCollecting python-dateutil>=2.7 (from matplotlib->nnetsauce)\n  Using cached python_dateutil-2.9.0.post0-py2.py3-none-any.whl.metadata (8.4 kB)\nCollecting pytz>=2020.1 (from pandas->nnetsauce)\n  Using cached pytz-2025.1-py2.py3-none-any.whl.metadata (22 kB)\nCollecting tzdata>=2022.7 (from pandas->nnetsauce)\n  Using cached tzdata-2025.1-py2.py3-none-any.whl.metadata (1.4 kB)\nCollecting charset-normalizer<4,>=2 (from requests->nnetsauce)\n  Using cached charset_normalizer-3.4.1-cp313-cp313-win_amd64.whl.metadata (36 kB)\nCollecting idna<4,>=2.5 (from requests->nnetsauce)\n  Using cached idna-3.10-py3-none-any.whl.metadata (10 kB)\nCollecting urllib3<3,>=1.21.1 (from requests->nnetsauce)\n  Using cached urllib3-2.3.0-py3-none-any.whl.metadata (6.5 kB)\nCollecting certifi>=2017.4.17 (from requests->nnetsauce)\n  Using cached certifi-2025.1.31-py3-none-any.whl.metadata (2.5 kB)\nCollecting patsy>=0.5.6 (from statsmodels->nnetsauce)\n  Using cached patsy-1.0.1-py2.py3-none-any.whl.metadata (3.3 kB)\nCollecting colorama (from tqdm->nnetsauce)\n  Using cached colorama-0.4.6-py2.py3-none-any.whl.metadata (17 kB)\nCollecting six>=1.5 (from python-dateutil>=2.7->matplotlib->nnetsauce)\n  Using cached six-1.17.0-py2.py3-none-any.whl.metadata (1.7 kB)\nUsing cached nnetsauce-0.30.4-py3-none-any.whl (189 kB)\nUsing cached joblib-1.4.2-py3-none-any.whl (301 kB)\nUsing cached matplotlib-3.10.0-cp313-cp313-win_amd64.whl (8.0 MB)\nUsing cached numpy-2.2.3-cp313-cp313-win_amd64.whl (12.6 MB)\nUsing cached pandas-2.2.3-cp313-cp313-win_amd64.whl (11.5 MB)\nUsing cached requests-2.32.3-py3-none-any.whl (64 kB)\nUsing cached scikit_learn-1.6.1-cp313-cp313-win_amd64.whl (11.1 MB)\nUsing cached scipy-1.15.2-cp313-cp313-win_amd64.whl (41.0 MB)\nUsing cached threadpoolctl-3.5.0-py3-none-any.whl (18 kB)\nUsing cached statsmodels-0.14.4-cp313-cp313-win_amd64.whl (9.8 MB)\nUsing cached tqdm-4.67.1-py3-none-any.whl (78 kB)\nUsing cached certifi-2025.1.31-py3-none-any.whl (166 kB)\nUsing cached charset_normalizer-3.4.1-cp313-cp313-win_amd64.whl (102 kB)\nUsing cached contourpy-1.3.1-cp313-cp313-win_amd64.whl (220 kB)\nUsing cached cycler-0.12.1-py3-none-any.whl (8.3 kB)\nUsing cached fonttools-4.56.0-cp313-cp313-win_amd64.whl (2.2 MB)\nUsing cached idna-3.10-py3-none-any.whl (70 kB)\nUsing cached kiwisolver-1.4.8-cp313-cp313-win_amd64.whl (71 kB)\nUsing cached packaging-24.2-py3-none-any.whl (65 kB)\nUsing cached patsy-1.0.1-py2.py3-none-any.whl (232 kB)\nUsing cached pillow-11.1.0-cp313-cp313-win_amd64.whl (2.6 MB)\nUsing cached pyparsing-3.2.1-py3-none-any.whl (107 kB)\nUsing cached python_dateutil-2.9.0.post0-py2.py3-none-any.whl (229 kB)\nUsing cached pytz-2025.1-py2.py3-none-any.whl (507 kB)\nUsing cached tzdata-2025.1-py2.py3-none-any.whl (346 kB)\nUsing cached urllib3-2.3.0-py3-none-any.whl (128 kB)\nUsing cached colorama-0.4.6-py2.py3-none-any.whl (25 kB)\nUsing cached six-1.17.0-py2.py3-none-any.whl (11 kB)\nInstalling collected packages: pytz, urllib3, tzdata, threadpoolctl, six, pyparsing, pillow, packaging, numpy, kiwisolver, joblib, idna, fonttools, cycler, colorama, charset-normalizer, certifi, tqdm, scipy, requests, python-dateutil, patsy, contourpy, scikit-learn, pandas, matplotlib, statsmodels, nnetsauce\nSuccessfully installed certifi-2025.1.31 charset-normalizer-3.4.1 colorama-0.4.6 contourpy-1.3.1 cycler-0.12.1 fonttools-4.56.0 idna-3.10 joblib-1.4.2 kiwisolver-1.4.8 matplotlib-3.10.0 nnetsauce-0.30.4 numpy-2.2.3 packaging-24.2 pandas-2.2.3 patsy-1.0.1 pillow-11.1.0 pyparsing-3.2.1 python-dateutil-2.9.0.post0 pytz-2025.1 requests-2.32.3 scikit-learn-1.6.1 scipy-1.15.2 six-1.17.0 statsmodels-0.14.4 threadpoolctl-3.5.0 tqdm-4.67.1 tzdata-2025.1 urllib3-2.3.0\n** testing if installed package keeps a record of temporary installation path\n* MD5 sums\npackaged installation of 'nnetsauce' as nnetsauce_0.20.6.zip\n* DONE (nnetsauce)",
      "build_time": "2025-02-20 01:34:11"
    },
    "simulatetimeseries": {
      "package": "simulatetimeseries",
      "status": "SUCCESS",
      "error_message": {},
      "build_output": "* installing to library 'D:/a/_temp/Library'\n* installing *source* package 'simulatetimeseries' ...\n** using staged installation\n** libs\nusing C++ compiler: 'G__~1.EXE (GCC) 13.3.0'\ng++ -std=gnu++17  -I\"C:/R/include\" -DNDEBUG  -I'D:/a/_temp/Library/Rcpp/include'   -I\"C:/rtools44/x86_64-w64-mingw32.static.posix/include\"     -O2 -Wall  -mfpmath=sse -msse2 -mstackrealign  -c RcppExports.cpp -o RcppExports.o\ng++ -std=gnu++17  -I\"C:/R/include\" -DNDEBUG  -I'D:/a/_temp/Library/Rcpp/include'   -I\"C:/rtools44/x86_64-w64-mingw32.static.posix/include\"     -O2 -Wall  -mfpmath=sse -msse2 -mstackrealign  -c utils.cpp -o utils.o\ng++ -std=gnu++17 -shared -s -static-libgcc -o simulatetimeseries.dll tmp.def RcppExports.o utils.o -LC:/rtools44/x86_64-w64-mingw32.static.posix/lib/x64 -LC:/rtools44/x86_64-w64-mingw32.static.posix/lib -LC:/R/bin/x64 -lR\ninstalling to D:/a/_temp/Library/00LOCK-simulatetimeseries/00new/simulatetimeseries/libs/x64\n** R\n** byte-compile and prepare package for lazy loading\n** help\n*** installing help indices\n** building package indices\n** installing vignettes\n** testing if installed package can be loaded from temporary location\n** testing if installed package can be loaded from final location\n** testing if installed package keeps a record of temporary installation path\n* MD5 sums\npackaged installation of 'simulatetimeseries' as simulatetimeseries_1.0.zip\n* DONE (simulatetimeseries)",
      "build_time": "2025-02-20 01:36:44"
    },
    "tisthemachinelearner": {
      "package": "tisthemachinelearner",
      "status": "FAILED",
      "error_message": "No binary package found after build",
      "build_output": "* installing to library 'D:/a/_temp/Library'\n* installing *source* package 'tisthemachinelearner' ...\n** using staged installation\n** R\n** byte-compile and prepare package for lazy loading\n** help\n*** installing help indices\n** building package indices\n** installing vignettes\n** testing if installed package can be loaded from temporary location\nError: package or namespace load failed for 'tisthemachinelearner':\n .onLoad failed in loadNamespace() for 'tisthemachinelearner', details:\n  call: reticulate::use_condaenv(\"r-reticulate\", required = TRUE)\n  error: Unable to locate conda environment 'r-reticulate'.\nError: loading failed\nExecution halted\nERROR: loading failed\n* removing 'D:/a/_temp/Library/tisthemachinelearner'",
      "build_time": "2025-02-20 01:36:52"
    }
  }
}
